#
# There is insufficient memory for the Java Runtime Environment to continue.
# Native memory allocation (mmap) failed to map 268435456 bytes for G1 virtual space
# Possible reasons:
#   The system is out of physical RAM or swap space
#   The process is running with CompressedOops enabled, and the Java Heap may be blocking the growth of the native heap
# Possible solutions:
#   Reduce memory load on the system
#   Increase physical memory or swap space
#   Check if swap backing store is full
#   Decrease Java heap size (-Xmx/-Xms)
#   Decrease number of Java threads
#   Decrease Java thread stack sizes (-Xss)
#   Set larger code cache with -XX:ReservedCodeCacheSize=
#   JVM is running with Zero Based Compressed Oops mode in which the Java heap is
#     placed in the first 32GB address space. The Java Heap base address is the
#     maximum limit for the native heap growth. Please use -XX:HeapBaseMinAddress
#     to set the Java Heap base and to place the Java Heap above 32GB virtual address.
# This output file may be truncated or incomplete.
#
#  Out of Memory Error (os_windows.cpp:3469), pid=21312, tid=9436
#
# JRE version:  (17.0.1+12) (build )
# Java VM: Java HotSpot(TM) 64-Bit Server VM (17.0.1+12-LTS-39, mixed mode, sharing, tiered, compressed oops, compressed class ptrs, g1 gc, windows-amd64)
# No core dump will be written. Minidumps are not enabled by default on client versions of Windows
#

---------------  S U M M A R Y ------------

Command Line: supportGUI.Viewer

Host: Intel(R) Core(TM) i5-7300HQ CPU @ 2.50GHz, 4 cores, 15G,  Windows 10 , 64 bit Build 19041 (10.0.19041.5198)
Time: Thu Feb 13 23:01:45 2025 Paris, Madrid elapsed time: 0.023262 seconds (0d 0h 0m 0s)

---------------  T H R E A D  ---------------

Current thread (0x00000233c5709540):  JavaThread "Unknown thread" [_thread_in_vm, id=9436, stack(0x0000003605400000,0x0000003605500000)]

Stack: [0x0000003605400000,0x0000003605500000]
Native frames: (J=compiled Java code, j=interpreted, Vv=VM code, C=native code)
V  [jvm.dll+0x66fa1a]
V  [jvm.dll+0x7ce5a4]
V  [jvm.dll+0x7cfd4e]
V  [jvm.dll+0x7d03b3]
V  [jvm.dll+0x242b05]
V  [jvm.dll+0x66ca39]
V  [jvm.dll+0x661502]
V  [jvm.dll+0x30081b]
V  [jvm.dll+0x307da6]
V  [jvm.dll+0x357a1e]
V  [jvm.dll+0x357c4f]
V  [jvm.dll+0x2d7ad8]
V  [jvm.dll+0x2d8a44]
V  [jvm.dll+0x7a01e1]
V  [jvm.dll+0x365791]
V  [jvm.dll+0x77f6cc]
V  [jvm.dll+0x3e812f]
V  [jvm.dll+0x3e9bd1]
C  [jli.dll+0x527b]
C  [ucrtbase.dll+0x21bb2]
C  [KERNEL32.DLL+0x17374]
C  [ntdll.dll+0x4cc91]


---------------  P R O C E S S  ---------------

Threads class SMR info:
_java_thread_list=0x00007ffd13097818, length=0, elements={
}

Java Threads: ( => current thread )

Other Threads:
  0x00000233c575a640 GCTaskThread "GC Thread#0" [stack: 0x0000003605500000,0x0000003605600000] [id=16096]
  0x00000233c576b3c0 ConcurrentGCThread "G1 Main Marker" [stack: 0x0000003605600000,0x0000003605700000] [id=32700]
  0x00000233c576bdd0 ConcurrentGCThread "G1 Conc#0" [stack: 0x0000003605700000,0x0000003605800000] [id=31212]

[error occurred during error reporting (printing all threads), id 0xc0000005, EXCEPTION_ACCESS_VIOLATION (0xc0000005) at pc=0x00007ffd128e84b7]

VM state: not at safepoint (not fully initialized)

VM Mutex/Monitor currently owned by a thread:  ([mutex/lock_event])
[0x00000233c5704d30] Heap_lock - owner thread: 0x00000233c5709540

Heap address: 0x0000000701c00000, size: 4068 MB, Compressed Oops mode: Zero based, Oop shift amount: 3

CDS archive(s) mapped at: [0x0000000000000000-0x0000000000000000-0x0000000000000000), size 0, SharedBaseAddress: 0x0000000800000000, ArchiveRelocationMode: 0.
Narrow klass base: 0x0000000000000000, Narrow klass shift: 0, Narrow klass range: 0x0

GC Precious Log:
<Empty>

Heap:
 garbage-first heap   total 0K, used 0K [0x0000000701c00000, 0x0000000800000000)
  region size 2048K, 0 young (0K), 0 survivors (0K)

[error occurred during error reporting (printing heap information), id 0xc0000005, EXCEPTION_ACCESS_VIOLATION (0xc0000005) at pc=0x00007ffd12cc8d89]

GC Heap History (0 events):
No events

Deoptimization events (0 events):
No events

Classes unloaded (0 events):
No events

Classes redefined (0 events):
No events

Internal exceptions (0 events):
No events

VM Operations (0 events):
No events

Events (1 events):
Event: 0.014 Loaded shared library C:\Program Files\Java\jdk-17.0.1\bin\java.dll


Dynamic libraries:
0x00007ff626c50000 - 0x00007ff626c60000 	C:\Program Files\Java\jdk-17.0.1\bin\java.exe
0x00007ffd9ebd0000 - 0x00007ffd9edc8000 	C:\Windows\SYSTEM32\ntdll.dll
0x00007ffd9cc80000 - 0x00007ffd9cd42000 	C:\Windows\System32\KERNEL32.DLL
0x00007ffd9c2f0000 - 0x00007ffd9c5ef000 	C:\Windows\System32\KERNELBASE.dll
0x00007ffd9c8f0000 - 0x00007ffd9c9f0000 	C:\Windows\System32\ucrtbase.dll
0x00007ffd93180000 - 0x00007ffd9319a000 	C:\Program Files\Java\jdk-17.0.1\bin\VCRUNTIME140.dll
0x00007ffd93e80000 - 0x00007ffd93e98000 	C:\Program Files\Java\jdk-17.0.1\bin\jli.dll
0x00007ffd9dba0000 - 0x00007ffd9dc51000 	C:\Windows\System32\ADVAPI32.dll
0x00007ffd9cbe0000 - 0x00007ffd9cc7e000 	C:\Windows\System32\msvcrt.dll
0x00007ffd9eaf0000 - 0x00007ffd9eb8f000 	C:\Windows\System32\sechost.dll
0x00007ffd9dc60000 - 0x00007ffd9dd83000 	C:\Windows\System32\RPCRT4.dll
0x00007ffd9c5f0000 - 0x00007ffd9c617000 	C:\Windows\System32\bcrypt.dll
0x00007ffd9e100000 - 0x00007ffd9e29d000 	C:\Windows\System32\USER32.dll
0x00007ffd9cb10000 - 0x00007ffd9cb32000 	C:\Windows\System32\win32u.dll
0x00007ffd9e2b0000 - 0x00007ffd9e2db000 	C:\Windows\System32\GDI32.dll
0x00007ffd83700000 - 0x00007ffd8399a000 	C:\Windows\WinSxS\amd64_microsoft.windows.common-controls_6595b64144ccf1df_6.0.19041.4355_none_60b8b9eb71f62e16\COMCTL32.dll
0x00007ffd9c7d0000 - 0x00007ffd9c8e7000 	C:\Windows\System32\gdi32full.dll
0x00007ffd9cb40000 - 0x00007ffd9cbdd000 	C:\Windows\System32\msvcp_win.dll
0x00007ffd97020000 - 0x00007ffd9702a000 	C:\Windows\SYSTEM32\VERSION.dll
0x00007ffd9e5d0000 - 0x00007ffd9e5ff000 	C:\Windows\System32\IMM32.DLL
0x00007ffd96bd0000 - 0x00007ffd96bdc000 	C:\Program Files\Java\jdk-17.0.1\bin\vcruntime140_1.dll
0x00007ffd79b60000 - 0x00007ffd79bed000 	C:\Program Files\Java\jdk-17.0.1\bin\msvcp140.dll
0x00007ffd12600000 - 0x00007ffd131be000 	C:\Program Files\Java\jdk-17.0.1\bin\server\jvm.dll
0x00007ffd9e2a0000 - 0x00007ffd9e2a8000 	C:\Windows\System32\PSAPI.DLL
0x00007ffd813c0000 - 0x00007ffd813c9000 	C:\Windows\SYSTEM32\WSOCK32.dll
0x00007ffd9d280000 - 0x00007ffd9d2eb000 	C:\Windows\System32\WS2_32.dll
0x00007ffd8ce60000 - 0x00007ffd8ce87000 	C:\Windows\SYSTEM32\WINMM.dll
0x00007ffd9a990000 - 0x00007ffd9a9a2000 	C:\Windows\SYSTEM32\kernel.appcore.dll
0x00007ffd96640000 - 0x00007ffd9664a000 	C:\Program Files\Java\jdk-17.0.1\bin\jimage.dll
0x00007ffd94b60000 - 0x00007ffd94d44000 	C:\Windows\SYSTEM32\DBGHELP.DLL
0x00007ffd94820000 - 0x00007ffd94854000 	C:\Windows\SYSTEM32\dbgcore.DLL
0x00007ffd9c260000 - 0x00007ffd9c2e2000 	C:\Windows\System32\bcryptPrimitives.dll
0x00007ffd84480000 - 0x00007ffd844a5000 	C:\Program Files\Java\jdk-17.0.1\bin\java.dll

dbghelp: loaded successfully - version: 4.0.5 - missing functions: none
symbol engine: initialized successfully - sym options: 0x614 - pdb path: .;C:\Program Files\Java\jdk-17.0.1\bin;C:\Windows\SYSTEM32;C:\Windows\WinSxS\amd64_microsoft.windows.common-controls_6595b64144ccf1df_6.0.19041.4355_none_60b8b9eb71f62e16;C:\Program Files\Java\jdk-17.0.1\bin\server

VM Arguments:
java_command: supportGUI.Viewer
java_class_path (initial): D:\Yanis\FAC\M2\AAGA\project\beans;D:\Yanis\FAC\M2\AAGA\project\jars\simulator.jar
Launcher Type: SUN_STANDARD

[Global flags]
     intx CICompilerCount                          = 3                                         {product} {ergonomic}
     uint ConcGCThreads                            = 1                                         {product} {ergonomic}
     uint G1ConcRefinementThreads                  = 4                                         {product} {ergonomic}
   size_t G1HeapRegionSize                         = 2097152                                   {product} {ergonomic}
    uintx GCDrainStackTargetSize                   = 64                                        {product} {ergonomic}
   size_t InitialHeapSize                          = 268435456                                 {product} {ergonomic}
   size_t MarkStackSize                            = 4194304                                   {product} {ergonomic}
   size_t MaxHeapSize                              = 4265607168                                {product} {ergonomic}
   size_t MinHeapDeltaBytes                        = 2097152                                   {product} {ergonomic}
   size_t MinHeapSize                              = 8388608                                   {product} {ergonomic}
    uintx NonNMethodCodeHeapSize                   = 5832780                                {pd product} {ergonomic}
    uintx NonProfiledCodeHeapSize                  = 122912730                              {pd product} {ergonomic}
    uintx ProfiledCodeHeapSize                     = 122912730                              {pd product} {ergonomic}
    uintx ReservedCodeCacheSize                    = 251658240                              {pd product} {ergonomic}
     bool SegmentedCodeCache                       = true                                      {product} {ergonomic}
   size_t SoftMaxHeapSize                          = 4265607168                             {manageable} {ergonomic}
     bool UseCompressedClassPointers               = true                           {product lp64_product} {ergonomic}
     bool UseCompressedOops                        = true                           {product lp64_product} {ergonomic}
     bool UseG1GC                                  = true                                      {product} {ergonomic}
     bool UseLargePagesIndividualAllocation        = false                                  {pd product} {ergonomic}

Logging:
Log output configuration:
 #0: stdout all=warning uptime,level,tags
 #1: stderr all=off uptime,level,tags

Environment Variables:
PATH=C:\Program Files\OpenSSL-Win64\bin;C:\oracle19c\WINDOWS.X64_193000_db_home\bin;C:\Program Files\Eclipse Foundation\jdk-17.0.0.35-hotspot\bin;C:\Program Files\Common Files\Oracle\Java\javapath;C:\Program Files (x86)\Common Files\Oracle\Java\javapath;C:\Windows\system32;C:\Windows;C:\Windows\System32\Wbem;C:\Windows\System32\WindowsPowerShell\v1.0\;C:\Windows\System32\OpenSSH\;C:\Program Files\Git\cmd;C:\Program Files (x86)\NVIDIA Corporation\PhysX\Common;C:\Program Files\NVIDIA Corporation\NVIDIA NvDLISR;C:\Users\Aspire7\AppData\Roaming\nvm;C:\Program Files\nodejs;C:\Program Files\dotnet\;C:\Program Files\PostgreSQL\14\bin;C:\MinGW\bin;C:\GnuWin32\bin;C:\Program Files\CMake\bin;C:\Program Files\NVIDIA Corporation\Nsight Compute 2020.3.0\;C:\Strawberry\c\bin;C:\Strawberry\perl\site\bin;C:\Strawberry\perl\bin;C:\Program Files\NVIDIA GPU Computing Toolkit\CUDA\v11.2\bin;C:\Program Files\NVIDIA GPU Computing Toolkit\CUDA\v11.2\extras\CUPTI\lib64;C:\Program Files\NVIDIA GPU Computing Toolkit\CUDA\v11.2\libnvvp;C:\Gradle\bin;C:\Users\Aspire7\AppData\Android\sdk;C:\ProgramData\chocolatey\bin;C:\Program Files\PuTTY\;C:\tools\ghc-9.8.1\bin;C:\dev\vcpkg;C:\Program Files (x86)\Go\bin;C:\gstreamer\1.0\msvc_x86\bin;C:\gstreamer\1.0\msvc_x86_64\bin;C:\Program Files\Git LFS;C:\Program Files\Docker\Docker\resources\bin;C:\Program Files\Maven\bin;C:\Program Files (x86)\sbt\bin;D:\Others\Stack\bin;C:\Users\Aspire7\.cargo\bin;C:\Users\Aspire7\AppData\Local\Programs\DISKUV~1\bin;C:\Users\Aspire7\AppData\Local\Programs\DISKUV~1\usr\bin;C:\Users\Aspire7\AppData\Local\Programs\Python\Python310\Scripts\;C:\Users\Aspire7\AppData\Local\Programs\Python\Python310\;C:\Program Files\MySQL\MySQL Shell 8.0\bin\;C:\Users\Aspire7\AppData\Local\Microsoft\WindowsApps;C:\Users\Aspire7\AppData\Roaming\npm;C:\Users\Aspire7\AppData\Local\Programs\Microsoft VS Code\bin;C:\Users\Aspire7\AppData\Roaming\nvm;C:\Program Files\nodejs;C:\Program Files\JetBrains\IntelliJ IDEA Community Edition 2022.2.3\bin;C:\Pr
USERNAME=Yanis540
LANG=en_US.UTF-8
OS=Windows_NT
PROCESSOR_IDENTIFIER=Intel64 Family 6 Model 158 Stepping 9, GenuineIntel



---------------  S Y S T E M  ---------------

OS:
 Windows 10 , 64 bit Build 19041 (10.0.19041.5198)
OS uptime: 28 days 22:40 hours
Hyper-V role detected

CPU: total 4 (initial active 4) (4 cores per cpu, 1 threads per core) family 6 model 158 stepping 9 microcode 0xb4, cx8, cmov, fxsr, mmx, 3dnowpref, sse, sse2, sse3, ssse3, sse4.1, sse4.2, popcnt, lzcnt, tsc, tscinvbit, avx, avx2, aes, erms, clmul, bmi1, bmi2, adx, fma, vzeroupper, clflush, clflushopt, hv

Memory: 4k page, system-wide physical 16267M (382M free)
TotalPageFile size 42170M (AvailPageFile size 129M)
current process WorkingSet (physical memory assigned to process): 10M, peak: 10M
current process commit charge ("private bytes"): 51M, peak: 307M

vm_info: Java HotSpot(TM) 64-Bit Server VM (17.0.1+12-LTS-39) for windows-amd64 JRE (17.0.1+12-LTS-39), built on Sep 27 2021 18:41:35 by "mach5one" with MS VC++ 16.8 (VS2019)

END.
