#
# There is insufficient memory for the Java Runtime Environment to continue.
# Native memory allocation (mmap) failed to map 1384120320 bytes for G1 virtual space
# Possible reasons:
#   The system is out of physical RAM or swap space
#   The process is running with CompressedOops enabled, and the Java Heap may be blocking the growth of the native heap
# Possible solutions:
#   Reduce memory load on the system
#   Increase physical memory or swap space
#   Check if swap backing store is full
#   Decrease Java heap size (-Xmx/-Xms)
#   Decrease number of Java threads
#   Decrease Java thread stack sizes (-Xss)
#   Set larger code cache with -XX:ReservedCodeCacheSize=
#   JVM is running with Zero Based Compressed Oops mode in which the Java heap is
#     placed in the first 32GB address space. The Java Heap base address is the
#     maximum limit for the native heap growth. Please use -XX:HeapBaseMinAddress
#     to set the Java Heap base and to place the Java Heap above 32GB virtual address.
# This output file may be truncated or incomplete.
#
#  Out of Memory Error (os_windows.cpp:3469), pid=13608, tid=14172
#
# JRE version: Java(TM) SE Runtime Environment (17.0.1+12) (build 17.0.1+12-LTS-39)
# Java VM: Java HotSpot(TM) 64-Bit Server VM (17.0.1+12-LTS-39, mixed mode, sharing, tiered, compressed oops, compressed class ptrs, g1 gc, windows-amd64)
# No core dump will be written. Minidumps are not enabled by default on client versions of Windows
#

---------------  S U M M A R Y ------------

Command Line: supportGUI.Viewer

Host: Intel(R) Core(TM) i5-7300HQ CPU @ 2.50GHz, 4 cores, 15G,  Windows 10 , 64 bit Build 19041 (10.0.19041.5198)
Time: Thu Feb 13 23:02:45 2025 Paris, Madrid elapsed time: 3.809224 seconds (0d 0h 0m 3s)

---------------  T H R E A D  ---------------

Current thread (0x00000206dc7a9530):  VMThread "VM Thread" [stack: 0x000000077ec00000,0x000000077ed00000] [id=14172]

Stack: [0x000000077ec00000,0x000000077ed00000]
Native frames: (J=compiled Java code, j=interpreted, Vv=VM code, C=native code)
V  [jvm.dll+0x66fa1a]
V  [jvm.dll+0x7ce5a4]
V  [jvm.dll+0x7cfd4e]
V  [jvm.dll+0x7d03b3]
V  [jvm.dll+0x242b05]
V  [jvm.dll+0x66ca39]
V  [jvm.dll+0x661502]
V  [jvm.dll+0x30081b]
V  [jvm.dll+0x307da6]
V  [jvm.dll+0x357a1e]
V  [jvm.dll+0x357c4f]
V  [jvm.dll+0x2d7ad8]
V  [jvm.dll+0x2d5da4]
V  [jvm.dll+0x2d53ac]
V  [jvm.dll+0x318d0b]
V  [jvm.dll+0x7d484b]
V  [jvm.dll+0x7d5584]
V  [jvm.dll+0x7d5a9c]
V  [jvm.dll+0x7d5e74]
V  [jvm.dll+0x7d5f40]
V  [jvm.dll+0x77e91a]
V  [jvm.dll+0x66e845]
C  [ucrtbase.dll+0x21bb2]
C  [KERNEL32.DLL+0x17374]
C  [ntdll.dll+0x4cc91]

VM_Operation (0x000000077fdfdcd0): G1CollectForAllocation, mode: safepoint, requested by thread 0x00000206dd6b8620


---------------  P R O C E S S  ---------------

Threads class SMR info:
_java_thread_list=0x00000206dec47100, length=17, elements={
0x00000206dc7ae8d0, 0x00000206dc7af740, 0x00000206dc7c5230, 0x00000206dc7c5de0,
0x00000206dc7c87a0, 0x00000206dc7c9150, 0x00000206dc7c9e30, 0x00000206dc7ca8d0,
0x00000206dc809530, 0x00000206dd4f7ad0, 0x00000206dd4fe250, 0x00000206dd6a6b10,
0x00000206dd6b3800, 0x00000206dd6b3ea0, 0x00000206dd6b8620, 0x00000206ba3a9540,
0x00000206dead4c10
}

Java Threads: ( => current thread )
  0x00000206dc7ae8d0 JavaThread "Reference Handler" daemon [_thread_blocked, id=8156, stack(0x000000077ed00000,0x000000077ee00000)]
  0x00000206dc7af740 JavaThread "Finalizer" daemon [_thread_blocked, id=29844, stack(0x000000077ee00000,0x000000077ef00000)]
  0x00000206dc7c5230 JavaThread "Signal Dispatcher" daemon [_thread_blocked, id=24572, stack(0x000000077f000000,0x000000077f100000)]
  0x00000206dc7c5de0 JavaThread "Attach Listener" daemon [_thread_blocked, id=9736, stack(0x000000077f100000,0x000000077f200000)]
  0x00000206dc7c87a0 JavaThread "Service Thread" daemon [_thread_blocked, id=29456, stack(0x000000077f200000,0x000000077f300000)]
  0x00000206dc7c9150 JavaThread "Monitor Deflation Thread" daemon [_thread_blocked, id=27968, stack(0x000000077f300000,0x000000077f400000)]
  0x00000206dc7c9e30 JavaThread "C2 CompilerThread0" daemon [_thread_blocked, id=30224, stack(0x000000077f400000,0x000000077f500000)]
  0x00000206dc7ca8d0 JavaThread "C1 CompilerThread0" daemon [_thread_blocked, id=10372, stack(0x000000077f500000,0x000000077f600000)]
  0x00000206dc809530 JavaThread "Sweeper thread" daemon [_thread_blocked, id=20016, stack(0x000000077f600000,0x000000077f700000)]
  0x00000206dd4f7ad0 JavaThread "Notification Thread" daemon [_thread_blocked, id=17440, stack(0x000000077f700000,0x000000077f800000)]
  0x00000206dd4fe250 JavaThread "Common-Cleaner" daemon [_thread_blocked, id=10180, stack(0x000000077f900000,0x000000077fa00000)]
  0x00000206dd6a6b10 JavaThread "Java2D Disposer" daemon [_thread_blocked, id=27904, stack(0x000000077fa00000,0x000000077fb00000)]
  0x00000206dd6b3800 JavaThread "AWT-Shutdown" [_thread_blocked, id=17696, stack(0x000000077fb00000,0x000000077fc00000)]
  0x00000206dd6b3ea0 JavaThread "AWT-Windows" daemon [_thread_in_native, id=19844, stack(0x000000077fc00000,0x000000077fd00000)]
  0x00000206dd6b8620 JavaThread "AWT-EventQueue-0" [_thread_blocked, id=24980, stack(0x000000077fd00000,0x000000077fe00000)]
  0x00000206ba3a9540 JavaThread "DestroyJavaVM" [_thread_blocked, id=8988, stack(0x000000077e500000,0x000000077e600000)]
  0x00000206dead4c10 JavaThread "TimerQueue" daemon [_thread_blocked, id=26804, stack(0x0000000700400000,0x0000000700500000)]

Other Threads:
=>0x00000206dc7a9530 VMThread "VM Thread" [stack: 0x000000077ec00000,0x000000077ed00000] [id=14172]
  0x00000206dd4fdfc0 WatcherThread [stack: 0x000000077f800000,0x000000077f900000] [id=19616]
  0x00000206ba3f9550 GCTaskThread "GC Thread#0" [stack: 0x000000077e700000,0x000000077e800000] [id=14392]
  0x00000206dead4400 GCTaskThread "GC Thread#1" [stack: 0x0000000700100000,0x0000000700200000] [id=31784]
  0x00000206dead46b0 GCTaskThread "GC Thread#2" [stack: 0x0000000700200000,0x0000000700300000] [id=20260]
  0x00000206dead4960 GCTaskThread "GC Thread#3" [stack: 0x0000000700300000,0x0000000700400000] [id=24008]
  0x00000206ba40a2d0 ConcurrentGCThread "G1 Main Marker" [stack: 0x000000077e800000,0x000000077e900000] [id=30260]
  0x00000206ba40bcf0 ConcurrentGCThread "G1 Conc#0" [stack: 0x000000077e900000,0x000000077ea00000] [id=27464]
  0x00000206dc6724c0 ConcurrentGCThread "G1 Refine#0" [stack: 0x000000077ea00000,0x000000077eb00000] [id=1164]
  0x00000206dc672ee0 ConcurrentGCThread "G1 Service" [stack: 0x000000077eb00000,0x000000077ec00000] [id=13448]

Threads with active compile tasks:

VM state: at safepoint (normal execution)

VM Mutex/Monitor currently owned by a thread:  ([mutex/lock_event])
[0x00000206ba3a4f70] Threads_lock - owner thread: 0x00000206dc7a9530
[0x00000206ba3a4940] Heap_lock - owner thread: 0x00000206dd6b8620

Heap address: 0x00000004d6800000, size: 4068 MB, Compressed Oops mode: Zero based, Oop shift amount: 3

CDS archive(s) mapped at: [0x0000000800000000-0x0000000800bc0000-0x0000000800bc0000), size 12320768, SharedBaseAddress: 0x0000000800000000, ArchiveRelocationMode: 0.
Compressed class space mapped at: 0x0000000800c00000-0x0000000840c00000, reserved size: 1073741824
Narrow klass base: 0x0000000800000000, Narrow klass shift: 0, Narrow klass range: 0x100000000

GC Precious Log:
 CPUs: 4 total, 4 available
 Memory: 16267M
 Large Page Support: Disabled
 NUMA Support: Disabled
 Compressed Oops: Enabled (Zero based)
 Heap Region Size: 2M
 Heap Min Capacity: 8M
 Heap Initial Capacity: 256M
 Heap Max Capacity: 4068M
 Pre-touch: Disabled
 Parallel Workers: 4
 Concurrent Workers: 1
 Concurrent Refinement Workers: 4
 Periodic GC: Disabled

Heap:
 garbage-first heap   total 786432K, used 212290K [0x00000004d6800000, 0x00000005d4c00000)
  region size 2048K, 6 young (12288K), 6 survivors (12288K)
 Metaspace       used 8247K, committed 8448K, reserved 1064960K
  class space    used 864K, committed 960K, reserved 1048576K

Heap Regions: E=young(eden), S=young(survivor), O=old, HS=humongous(starts), HC=humongous(continues), CS=collection set, F=free, OA=open archive, CA=closed archive, TAMS=top-at-mark-start (previous, next)
|   0|0x00000004d6800000, 0x00000004d6a00000, 0x00000004d6a00000|100%| O|  |TAMS 0x00000004d6800000, 0x00000004d6800000| Untracked 
|   1|0x00000004d6a00000, 0x00000004d6c00000, 0x00000004d6c00000|100%| O|  |TAMS 0x00000004d6a00000, 0x00000004d6a00000| Untracked 
|   2|0x00000004d6c00000, 0x00000004d6e00000, 0x00000004d6e00000|100%| O|  |TAMS 0x00000004d6c00000, 0x00000004d6c00000| Untracked 
|   3|0x00000004d6e00000, 0x00000004d7000000, 0x00000004d7000000|100%| O|  |TAMS 0x00000004d6e00000, 0x00000004d6e00000| Untracked 
|   4|0x00000004d7000000, 0x00000004d7200000, 0x00000004d7200000|100%| O|  |TAMS 0x00000004d7000000, 0x00000004d7000000| Untracked 
|   5|0x00000004d7200000, 0x00000004d7400000, 0x00000004d7400000|100%| O|  |TAMS 0x00000004d7200000, 0x00000004d7200000| Untracked 
|   6|0x00000004d7400000, 0x00000004d7600000, 0x00000004d7600000|100%| O|  |TAMS 0x00000004d7400000, 0x00000004d7400000| Untracked 
|   7|0x00000004d7600000, 0x00000004d7800000, 0x00000004d7800000|100%| O|  |TAMS 0x00000004d7600000, 0x00000004d7600000| Untracked 
|   8|0x00000004d7800000, 0x00000004d7a00000, 0x00000004d7a00000|100%| O|  |TAMS 0x00000004d7800000, 0x00000004d7800000| Untracked 
|   9|0x00000004d7a00000, 0x00000004d7c00000, 0x00000004d7c00000|100%| O|  |TAMS 0x00000004d7a00000, 0x00000004d7a00000| Untracked 
|  10|0x00000004d7c00000, 0x00000004d7e00000, 0x00000004d7e00000|100%| O|  |TAMS 0x00000004d7c00000, 0x00000004d7c00000| Untracked 
|  11|0x00000004d7e00000, 0x00000004d8000000, 0x00000004d8000000|100%| O|  |TAMS 0x00000004d7e00000, 0x00000004d7e00000| Untracked 
|  12|0x00000004d8000000, 0x00000004d8200000, 0x00000004d8200000|100%| O|  |TAMS 0x00000004d8000000, 0x00000004d8000000| Untracked 
|  13|0x00000004d8200000, 0x00000004d8400000, 0x00000004d8400000|100%| O|  |TAMS 0x00000004d8200000, 0x00000004d8200000| Untracked 
|  14|0x00000004d8400000, 0x00000004d8600000, 0x00000004d8600000|100%|HS|  |TAMS 0x00000004d8400000, 0x00000004d8400000| Complete 
|  15|0x00000004d8600000, 0x00000004d8800000, 0x00000004d8800000|100%|HC|  |TAMS 0x00000004d8600000, 0x00000004d8600000| Complete 
|  16|0x00000004d8800000, 0x00000004d8a00000, 0x00000004d8a00000|100%|HC|  |TAMS 0x00000004d8800000, 0x00000004d8800000| Complete 
|  17|0x00000004d8a00000, 0x00000004d8c00000, 0x00000004d8c00000|100%|HC|  |TAMS 0x00000004d8a00000, 0x00000004d8a00000| Complete 
|  18|0x00000004d8c00000, 0x00000004d8e00000, 0x00000004d8e00000|100%| O|  |TAMS 0x00000004d8c00000, 0x00000004d8c00000| Untracked 
|  19|0x00000004d8e00000, 0x00000004d9000000, 0x00000004d9000000|100%| O|  |TAMS 0x00000004d8e00000, 0x00000004d8e00000| Untracked 
|  20|0x00000004d9000000, 0x00000004d9200000, 0x00000004d9200000|100%| O|  |TAMS 0x00000004d9000000, 0x00000004d9000000| Untracked 
|  21|0x00000004d9200000, 0x00000004d9400000, 0x00000004d9400000|100%| O|  |TAMS 0x00000004d9200000, 0x00000004d9200000| Untracked 
|  22|0x00000004d9400000, 0x00000004d9600000, 0x00000004d9600000|100%| O|  |TAMS 0x00000004d9400000, 0x00000004d9400000| Untracked 
|  23|0x00000004d9600000, 0x00000004d9800000, 0x00000004d9800000|100%| O|  |TAMS 0x00000004d9600000, 0x00000004d9600000| Untracked 
|  24|0x00000004d9800000, 0x00000004d9a00000, 0x00000004d9a00000|100%| O|  |TAMS 0x00000004d9800000, 0x00000004d9800000| Untracked 
|  25|0x00000004d9a00000, 0x00000004d9c00000, 0x00000004d9c00000|100%| O|  |TAMS 0x00000004d9a00000, 0x00000004d9a00000| Untracked 
|  26|0x00000004d9c00000, 0x00000004d9e00000, 0x00000004d9e00000|100%| O|  |TAMS 0x00000004d9c00000, 0x00000004d9c00000| Untracked 
|  27|0x00000004d9e00000, 0x00000004da000000, 0x00000004da000000|100%| O|  |TAMS 0x00000004d9e00000, 0x00000004d9e00000| Untracked 
|  28|0x00000004da000000, 0x00000004da200000, 0x00000004da200000|100%| O|  |TAMS 0x00000004da000000, 0x00000004da000000| Untracked 
|  29|0x00000004da200000, 0x00000004da400000, 0x00000004da400000|100%| O|  |TAMS 0x00000004da200000, 0x00000004da200000| Untracked 
|  30|0x00000004da400000, 0x00000004da600000, 0x00000004da600000|100%| O|  |TAMS 0x00000004da400000, 0x00000004da400000| Untracked 
|  31|0x00000004da600000, 0x00000004da800000, 0x00000004da800000|100%| O|  |TAMS 0x00000004da600000, 0x00000004da600000| Untracked 
|  32|0x00000004da800000, 0x00000004daa00000, 0x00000004daa00000|100%| O|  |TAMS 0x00000004da800000, 0x00000004da800000| Untracked 
|  33|0x00000004daa00000, 0x00000004dac00000, 0x00000004dac00000|100%| O|  |TAMS 0x00000004daa00000, 0x00000004daa00000| Untracked 
|  34|0x00000004dac00000, 0x00000004dae00000, 0x00000004dae00000|100%| O|  |TAMS 0x00000004dac00000, 0x00000004dac00000| Untracked 
|  35|0x00000004dae00000, 0x00000004db000000, 0x00000004db000000|100%| O|  |TAMS 0x00000004dae00000, 0x00000004dae00000| Untracked 
|  36|0x00000004db000000, 0x00000004db200000, 0x00000004db200000|100%| O|  |TAMS 0x00000004db000000, 0x00000004db000000| Untracked 
|  37|0x00000004db200000, 0x00000004db400000, 0x00000004db400000|100%| O|  |TAMS 0x00000004db200000, 0x00000004db200000| Untracked 
|  38|0x00000004db400000, 0x00000004db600000, 0x00000004db600000|100%| O|  |TAMS 0x00000004db400000, 0x00000004db400000| Untracked 
|  39|0x00000004db600000, 0x00000004db800000, 0x00000004db800000|100%| O|  |TAMS 0x00000004db600000, 0x00000004db600000| Untracked 
|  40|0x00000004db800000, 0x00000004dba00000, 0x00000004dba00000|100%| O|  |TAMS 0x00000004db800000, 0x00000004db800000| Untracked 
|  41|0x00000004dba00000, 0x00000004dbc00000, 0x00000004dbc00000|100%| O|  |TAMS 0x00000004dba00000, 0x00000004dba00000| Untracked 
|  42|0x00000004dbc00000, 0x00000004dbe00000, 0x00000004dbe00000|100%| O|  |TAMS 0x00000004dbc00000, 0x00000004dbc00000| Untracked 
|  43|0x00000004dbe00000, 0x00000004dc000000, 0x00000004dc000000|100%| O|  |TAMS 0x00000004dbe00000, 0x00000004dbe00000| Untracked 
|  44|0x00000004dc000000, 0x00000004dc200000, 0x00000004dc200000|100%| O|  |TAMS 0x00000004dc000000, 0x00000004dc000000| Untracked 
|  45|0x00000004dc200000, 0x00000004dc400000, 0x00000004dc400000|100%| O|  |TAMS 0x00000004dc200000, 0x00000004dc200000| Untracked 
|  46|0x00000004dc400000, 0x00000004dc600000, 0x00000004dc600000|100%| O|  |TAMS 0x00000004dc400000, 0x00000004dc400000| Untracked 
|  47|0x00000004dc600000, 0x00000004dc800000, 0x00000004dc800000|100%| O|  |TAMS 0x00000004dc600000, 0x00000004dc600000| Untracked 
|  48|0x00000004dc800000, 0x00000004dca00000, 0x00000004dca00000|100%| O|  |TAMS 0x00000004dc800000, 0x00000004dc800000| Untracked 
|  49|0x00000004dca00000, 0x00000004dcc00000, 0x00000004dcc00000|100%| O|  |TAMS 0x00000004dca00000, 0x00000004dca00000| Untracked 
|  50|0x00000004dcc00000, 0x00000004dce00000, 0x00000004dce00000|100%| O|  |TAMS 0x00000004dcc00000, 0x00000004dcc00000| Untracked 
|  51|0x00000004dce00000, 0x00000004dd000000, 0x00000004dd000000|100%| O|  |TAMS 0x00000004dce00000, 0x00000004dce00000| Untracked 
|  52|0x00000004dd000000, 0x00000004dd200000, 0x00000004dd200000|100%| O|  |TAMS 0x00000004dd000000, 0x00000004dd000000| Untracked 
|  53|0x00000004dd200000, 0x00000004dd400000, 0x00000004dd400000|100%| O|  |TAMS 0x00000004dd200000, 0x00000004dd200000| Untracked 
|  54|0x00000004dd400000, 0x00000004dd600000, 0x00000004dd600000|100%| O|  |TAMS 0x00000004dd400000, 0x00000004dd400000| Untracked 
|  55|0x00000004dd600000, 0x00000004dd800000, 0x00000004dd800000|100%| O|  |TAMS 0x00000004dd600000, 0x00000004dd600000| Untracked 
|  56|0x00000004dd800000, 0x00000004dda00000, 0x00000004dda00000|100%| O|  |TAMS 0x00000004dd800000, 0x00000004dd800000| Untracked 
|  57|0x00000004dda00000, 0x00000004ddc00000, 0x00000004ddc00000|100%| O|  |TAMS 0x00000004dda00000, 0x00000004dda00000| Untracked 
|  58|0x00000004ddc00000, 0x00000004dde00000, 0x00000004dde00000|100%| O|  |TAMS 0x00000004ddc00000, 0x00000004ddc00000| Untracked 
|  59|0x00000004dde00000, 0x00000004de000000, 0x00000004de000000|100%| O|  |TAMS 0x00000004dde00000, 0x00000004dde00000| Untracked 
|  60|0x00000004de000000, 0x00000004de200000, 0x00000004de200000|100%| O|  |TAMS 0x00000004de000000, 0x00000004de000000| Untracked 
|  61|0x00000004de200000, 0x00000004de400000, 0x00000004de400000|100%| O|  |TAMS 0x00000004de200000, 0x00000004de200000| Untracked 
|  62|0x00000004de400000, 0x00000004de600000, 0x00000004de600000|100%| O|  |TAMS 0x00000004de400000, 0x00000004de400000| Untracked 
|  63|0x00000004de600000, 0x00000004de800000, 0x00000004de800000|100%| O|  |TAMS 0x00000004de600000, 0x00000004de600000| Untracked 
|  64|0x00000004de800000, 0x00000004dea00000, 0x00000004dea00000|100%| O|  |TAMS 0x00000004de800000, 0x00000004de800000| Untracked 
|  65|0x00000004dea00000, 0x00000004dec00000, 0x00000004dec00000|100%| O|  |TAMS 0x00000004dea00000, 0x00000004dea00000| Untracked 
|  66|0x00000004dec00000, 0x00000004dee00000, 0x00000004dee00000|100%| O|  |TAMS 0x00000004dec00000, 0x00000004dec00000| Untracked 
|  67|0x00000004dee00000, 0x00000004df000000, 0x00000004df000000|100%| O|  |TAMS 0x00000004dee00000, 0x00000004dee00000| Untracked 
|  68|0x00000004df000000, 0x00000004df200000, 0x00000004df200000|100%| O|  |TAMS 0x00000004df000000, 0x00000004df000000| Untracked 
|  69|0x00000004df200000, 0x00000004df400000, 0x00000004df400000|100%| O|  |TAMS 0x00000004df200000, 0x00000004df200000| Untracked 
|  70|0x00000004df400000, 0x00000004df600000, 0x00000004df600000|100%| O|  |TAMS 0x00000004df400000, 0x00000004df400000| Untracked 
|  71|0x00000004df600000, 0x00000004df800000, 0x00000004df800000|100%| O|  |TAMS 0x00000004df600000, 0x00000004df600000| Untracked 
|  72|0x00000004df800000, 0x00000004dfa00000, 0x00000004dfa00000|100%| O|  |TAMS 0x00000004df800000, 0x00000004df800000| Untracked 
|  73|0x00000004dfa00000, 0x00000004dfc00000, 0x00000004dfc00000|100%| O|  |TAMS 0x00000004dfa00000, 0x00000004dfa00000| Untracked 
|  74|0x00000004dfc00000, 0x00000004dfe00000, 0x00000004dfe00000|100%| O|  |TAMS 0x00000004dfc00000, 0x00000004dfc00000| Untracked 
|  75|0x00000004dfe00000, 0x00000004e0000000, 0x00000004e0000000|100%| O|  |TAMS 0x00000004dfe00000, 0x00000004dfe00000| Untracked 
|  76|0x00000004e0000000, 0x00000004e0200000, 0x00000004e0200000|100%| O|  |TAMS 0x00000004e0000000, 0x00000004e0000000| Untracked 
|  77|0x00000004e0200000, 0x00000004e0400000, 0x00000004e0400000|100%| O|  |TAMS 0x00000004e0200000, 0x00000004e0200000| Untracked 
|  78|0x00000004e0400000, 0x00000004e0600000, 0x00000004e0600000|100%| O|  |TAMS 0x00000004e0400000, 0x00000004e0400000| Untracked 
|  79|0x00000004e0600000, 0x00000004e0800000, 0x00000004e0800000|100%| O|  |TAMS 0x00000004e0600000, 0x00000004e0600000| Untracked 
|  80|0x00000004e0800000, 0x00000004e0a00000, 0x00000004e0a00000|100%| O|  |TAMS 0x00000004e0800000, 0x00000004e0800000| Untracked 
|  81|0x00000004e0a00000, 0x00000004e0c00000, 0x00000004e0c00000|100%| O|  |TAMS 0x00000004e0a00000, 0x00000004e0a00000| Untracked 
|  82|0x00000004e0c00000, 0x00000004e0e00000, 0x00000004e0e00000|100%| O|  |TAMS 0x00000004e0c00000, 0x00000004e0c00000| Untracked 
|  83|0x00000004e0e00000, 0x00000004e1000000, 0x00000004e1000000|100%| O|  |TAMS 0x00000004e0e00000, 0x00000004e0e00000| Untracked 
|  84|0x00000004e1000000, 0x00000004e1200000, 0x00000004e1200000|100%| O|  |TAMS 0x00000004e1000000, 0x00000004e1000000| Untracked 
|  85|0x00000004e1200000, 0x00000004e1400000, 0x00000004e1400000|100%| O|  |TAMS 0x00000004e1200000, 0x00000004e1200000| Untracked 
|  86|0x00000004e1400000, 0x00000004e1600000, 0x00000004e1600000|100%| O|  |TAMS 0x00000004e1400000, 0x00000004e1400000| Untracked 
|  87|0x00000004e1600000, 0x00000004e1800000, 0x00000004e1800000|100%| O|  |TAMS 0x00000004e1600000, 0x00000004e1600000| Untracked 
|  88|0x00000004e1800000, 0x00000004e1a00000, 0x00000004e1a00000|100%| O|  |TAMS 0x00000004e1800000, 0x00000004e1800000| Untracked 
|  89|0x00000004e1a00000, 0x00000004e1c00000, 0x00000004e1c00000|100%| O|  |TAMS 0x00000004e1a00000, 0x00000004e1a00000| Untracked 
|  90|0x00000004e1c00000, 0x00000004e1e00000, 0x00000004e1e00000|100%| O|  |TAMS 0x00000004e1c00000, 0x00000004e1c00000| Untracked 
|  91|0x00000004e1e00000, 0x00000004e2000000, 0x00000004e2000000|100%| O|  |TAMS 0x00000004e1e00000, 0x00000004e1e00000| Untracked 
|  92|0x00000004e2000000, 0x00000004e2200000, 0x00000004e2200000|100%| O|  |TAMS 0x00000004e2000000, 0x00000004e2000000| Untracked 
|  93|0x00000004e2200000, 0x00000004e2400000, 0x00000004e2400000|100%| O|  |TAMS 0x00000004e2200000, 0x00000004e2200000| Untracked 
|  94|0x00000004e2400000, 0x00000004e2600000, 0x00000004e2600000|100%| O|  |TAMS 0x00000004e2400000, 0x00000004e2400000| Untracked 
|  95|0x00000004e2600000, 0x00000004e2800000, 0x00000004e2800000|100%| O|  |TAMS 0x00000004e2600000, 0x00000004e2600000| Untracked 
|  96|0x00000004e2800000, 0x00000004e2a00000, 0x00000004e2a00000|100%| O|  |TAMS 0x00000004e2800000, 0x00000004e2800000| Untracked 
|  97|0x00000004e2a00000, 0x00000004e2b50800, 0x00000004e2c00000| 65%| O|  |TAMS 0x00000004e2a00000, 0x00000004e2a00000| Untracked 
|  98|0x00000004e2c00000, 0x00000004e2c00000, 0x00000004e2e00000|  0%| F|  |TAMS 0x00000004e2c00000, 0x00000004e2c00000| Untracked 
|  99|0x00000004e2e00000, 0x00000004e2e00000, 0x00000004e3000000|  0%| F|  |TAMS 0x00000004e2e00000, 0x00000004e2e00000| Untracked 
| 100|0x00000004e3000000, 0x00000004e3000000, 0x00000004e3200000|  0%| F|  |TAMS 0x00000004e3000000, 0x00000004e3000000| Untracked 
| 101|0x00000004e3200000, 0x00000004e3200000, 0x00000004e3400000|  0%| F|  |TAMS 0x00000004e3200000, 0x00000004e3200000| Untracked 
| 102|0x00000004e3400000, 0x00000004e3400000, 0x00000004e3600000|  0%| F|  |TAMS 0x00000004e3400000, 0x00000004e3400000| Untracked 
| 103|0x00000004e3600000, 0x00000004e3600000, 0x00000004e3800000|  0%| F|  |TAMS 0x00000004e3600000, 0x00000004e3600000| Untracked 
| 104|0x00000004e3800000, 0x00000004e3800000, 0x00000004e3a00000|  0%| F|  |TAMS 0x00000004e3800000, 0x00000004e3800000| Untracked 
| 105|0x00000004e3a00000, 0x00000004e3a00000, 0x00000004e3c00000|  0%| F|  |TAMS 0x00000004e3a00000, 0x00000004e3a00000| Untracked 
| 106|0x00000004e3c00000, 0x00000004e3c00000, 0x00000004e3e00000|  0%| F|  |TAMS 0x00000004e3c00000, 0x00000004e3c00000| Untracked 
| 107|0x00000004e3e00000, 0x00000004e3e00000, 0x00000004e4000000|  0%| F|  |TAMS 0x00000004e3e00000, 0x00000004e3e00000| Untracked 
| 108|0x00000004e4000000, 0x00000004e4000000, 0x00000004e4200000|  0%| F|  |TAMS 0x00000004e4000000, 0x00000004e4000000| Untracked 
| 109|0x00000004e4200000, 0x00000004e4200000, 0x00000004e4400000|  0%| F|  |TAMS 0x00000004e4200000, 0x00000004e4200000| Untracked 
| 110|0x00000004e4400000, 0x00000004e4400000, 0x00000004e4600000|  0%| F|  |TAMS 0x00000004e4400000, 0x00000004e4400000| Untracked 
| 111|0x00000004e4600000, 0x00000004e4600000, 0x00000004e4800000|  0%| F|  |TAMS 0x00000004e4600000, 0x00000004e4600000| Untracked 
| 112|0x00000004e4800000, 0x00000004e4800000, 0x00000004e4a00000|  0%| F|  |TAMS 0x00000004e4800000, 0x00000004e4800000| Untracked 
| 113|0x00000004e4a00000, 0x00000004e4a00000, 0x00000004e4c00000|  0%| F|  |TAMS 0x00000004e4a00000, 0x00000004e4a00000| Untracked 
| 114|0x00000004e4c00000, 0x00000004e4c00000, 0x00000004e4e00000|  0%| F|  |TAMS 0x00000004e4c00000, 0x00000004e4c00000| Untracked 
| 115|0x00000004e4e00000, 0x00000004e4e00000, 0x00000004e5000000|  0%| F|  |TAMS 0x00000004e4e00000, 0x00000004e4e00000| Untracked 
| 116|0x00000004e5000000, 0x00000004e5000000, 0x00000004e5200000|  0%| F|  |TAMS 0x00000004e5000000, 0x00000004e5000000| Untracked 
| 117|0x00000004e5200000, 0x00000004e5200000, 0x00000004e5400000|  0%| F|  |TAMS 0x00000004e5200000, 0x00000004e5200000| Untracked 
| 118|0x00000004e5400000, 0x00000004e5400000, 0x00000004e5600000|  0%| F|  |TAMS 0x00000004e5400000, 0x00000004e5400000| Untracked 
| 119|0x00000004e5600000, 0x00000004e5600000, 0x00000004e5800000|  0%| F|  |TAMS 0x00000004e5600000, 0x00000004e5600000| Untracked 
| 120|0x00000004e5800000, 0x00000004e5800000, 0x00000004e5a00000|  0%| F|  |TAMS 0x00000004e5800000, 0x00000004e5800000| Untracked 
| 121|0x00000004e5a00000, 0x00000004e5a00000, 0x00000004e5c00000|  0%| F|  |TAMS 0x00000004e5a00000, 0x00000004e5a00000| Untracked 
| 122|0x00000004e5c00000, 0x00000004e5c00000, 0x00000004e5e00000|  0%| F|  |TAMS 0x00000004e5c00000, 0x00000004e5c00000| Untracked 
| 123|0x00000004e5e00000, 0x00000004e5e00000, 0x00000004e6000000|  0%| F|  |TAMS 0x00000004e5e00000, 0x00000004e5e00000| Untracked 
| 124|0x00000004e6000000, 0x00000004e6000000, 0x00000004e6200000|  0%| F|  |TAMS 0x00000004e6000000, 0x00000004e6000000| Untracked 
| 125|0x00000004e6200000, 0x00000004e6200000, 0x00000004e6400000|  0%| F|  |TAMS 0x00000004e6200000, 0x00000004e6200000| Untracked 
| 126|0x00000004e6400000, 0x00000004e6400000, 0x00000004e6600000|  0%| F|  |TAMS 0x00000004e6400000, 0x00000004e6400000| Untracked 
| 127|0x00000004e6600000, 0x00000004e6600000, 0x00000004e6800000|  0%| F|  |TAMS 0x00000004e6600000, 0x00000004e6600000| Untracked 
| 128|0x00000004e6800000, 0x00000004e6800000, 0x00000004e6a00000|  0%| F|  |TAMS 0x00000004e6800000, 0x00000004e6800000| Untracked 
| 129|0x00000004e6a00000, 0x00000004e6a00000, 0x00000004e6c00000|  0%| F|  |TAMS 0x00000004e6a00000, 0x00000004e6a00000| Untracked 
| 130|0x00000004e6c00000, 0x00000004e6c00000, 0x00000004e6e00000|  0%| F|  |TAMS 0x00000004e6c00000, 0x00000004e6c00000| Untracked 
| 131|0x00000004e6e00000, 0x00000004e6e00000, 0x00000004e7000000|  0%| F|  |TAMS 0x00000004e6e00000, 0x00000004e6e00000| Untracked 
| 132|0x00000004e7000000, 0x00000004e7000000, 0x00000004e7200000|  0%| F|  |TAMS 0x00000004e7000000, 0x00000004e7000000| Untracked 
| 133|0x00000004e7200000, 0x00000004e7200000, 0x00000004e7400000|  0%| F|  |TAMS 0x00000004e7200000, 0x00000004e7200000| Untracked 
| 134|0x00000004e7400000, 0x00000004e7400000, 0x00000004e7600000|  0%| F|  |TAMS 0x00000004e7400000, 0x00000004e7400000| Untracked 
| 135|0x00000004e7600000, 0x00000004e7600000, 0x00000004e7800000|  0%| F|  |TAMS 0x00000004e7600000, 0x00000004e7600000| Untracked 
| 136|0x00000004e7800000, 0x00000004e7800000, 0x00000004e7a00000|  0%| F|  |TAMS 0x00000004e7800000, 0x00000004e7800000| Untracked 
| 137|0x00000004e7a00000, 0x00000004e7a00000, 0x00000004e7c00000|  0%| F|  |TAMS 0x00000004e7a00000, 0x00000004e7a00000| Untracked 
| 138|0x00000004e7c00000, 0x00000004e7c00000, 0x00000004e7e00000|  0%| F|  |TAMS 0x00000004e7c00000, 0x00000004e7c00000| Untracked 
| 139|0x00000004e7e00000, 0x00000004e7e00000, 0x00000004e8000000|  0%| F|  |TAMS 0x00000004e7e00000, 0x00000004e7e00000| Untracked 
| 140|0x00000004e8000000, 0x00000004e8000000, 0x00000004e8200000|  0%| F|  |TAMS 0x00000004e8000000, 0x00000004e8000000| Untracked 
| 141|0x00000004e8200000, 0x00000004e8200000, 0x00000004e8400000|  0%| F|  |TAMS 0x00000004e8200000, 0x00000004e8200000| Untracked 
| 142|0x00000004e8400000, 0x00000004e8400000, 0x00000004e8600000|  0%| F|  |TAMS 0x00000004e8400000, 0x00000004e8400000| Untracked 
| 143|0x00000004e8600000, 0x00000004e8600000, 0x00000004e8800000|  0%| F|  |TAMS 0x00000004e8600000, 0x00000004e8600000| Untracked 
| 144|0x00000004e8800000, 0x00000004e8800000, 0x00000004e8a00000|  0%| F|  |TAMS 0x00000004e8800000, 0x00000004e8800000| Untracked 
| 145|0x00000004e8a00000, 0x00000004e8a00000, 0x00000004e8c00000|  0%| F|  |TAMS 0x00000004e8a00000, 0x00000004e8a00000| Untracked 
| 146|0x00000004e8c00000, 0x00000004e8c00000, 0x00000004e8e00000|  0%| F|  |TAMS 0x00000004e8c00000, 0x00000004e8c00000| Untracked 
| 147|0x00000004e8e00000, 0x00000004e8e00000, 0x00000004e9000000|  0%| F|  |TAMS 0x00000004e8e00000, 0x00000004e8e00000| Untracked 
| 148|0x00000004e9000000, 0x00000004e9000000, 0x00000004e9200000|  0%| F|  |TAMS 0x00000004e9000000, 0x00000004e9000000| Untracked 
| 149|0x00000004e9200000, 0x00000004e9200000, 0x00000004e9400000|  0%| F|  |TAMS 0x00000004e9200000, 0x00000004e9200000| Untracked 
| 150|0x00000004e9400000, 0x00000004e9400000, 0x00000004e9600000|  0%| F|  |TAMS 0x00000004e9400000, 0x00000004e9400000| Untracked 
| 151|0x00000004e9600000, 0x00000004e9600000, 0x00000004e9800000|  0%| F|  |TAMS 0x00000004e9600000, 0x00000004e9600000| Untracked 
| 152|0x00000004e9800000, 0x00000004e9800000, 0x00000004e9a00000|  0%| F|  |TAMS 0x00000004e9800000, 0x00000004e9800000| Untracked 
| 153|0x00000004e9a00000, 0x00000004e9a00000, 0x00000004e9c00000|  0%| F|  |TAMS 0x00000004e9a00000, 0x00000004e9a00000| Untracked 
| 154|0x00000004e9c00000, 0x00000004e9c00000, 0x00000004e9e00000|  0%| F|  |TAMS 0x00000004e9c00000, 0x00000004e9c00000| Untracked 
| 155|0x00000004e9e00000, 0x00000004e9e00000, 0x00000004ea000000|  0%| F|  |TAMS 0x00000004e9e00000, 0x00000004e9e00000| Untracked 
| 156|0x00000004ea000000, 0x00000004ea000000, 0x00000004ea200000|  0%| F|  |TAMS 0x00000004ea000000, 0x00000004ea000000| Untracked 
| 157|0x00000004ea200000, 0x00000004ea200000, 0x00000004ea400000|  0%| F|  |TAMS 0x00000004ea200000, 0x00000004ea200000| Untracked 
| 158|0x00000004ea400000, 0x00000004ea400000, 0x00000004ea600000|  0%| F|  |TAMS 0x00000004ea400000, 0x00000004ea400000| Untracked 
| 159|0x00000004ea600000, 0x00000004ea600000, 0x00000004ea800000|  0%| F|  |TAMS 0x00000004ea600000, 0x00000004ea600000| Untracked 
| 160|0x00000004ea800000, 0x00000004ea800000, 0x00000004eaa00000|  0%| F|  |TAMS 0x00000004ea800000, 0x00000004ea800000| Untracked 
| 161|0x00000004eaa00000, 0x00000004eaa00000, 0x00000004eac00000|  0%| F|  |TAMS 0x00000004eaa00000, 0x00000004eaa00000| Untracked 
| 162|0x00000004eac00000, 0x00000004eac00000, 0x00000004eae00000|  0%| F|  |TAMS 0x00000004eac00000, 0x00000004eac00000| Untracked 
| 163|0x00000004eae00000, 0x00000004eae00000, 0x00000004eb000000|  0%| F|  |TAMS 0x00000004eae00000, 0x00000004eae00000| Untracked 
| 164|0x00000004eb000000, 0x00000004eb000000, 0x00000004eb200000|  0%| F|  |TAMS 0x00000004eb000000, 0x00000004eb000000| Untracked 
| 165|0x00000004eb200000, 0x00000004eb200000, 0x00000004eb400000|  0%| F|  |TAMS 0x00000004eb200000, 0x00000004eb200000| Untracked 
| 166|0x00000004eb400000, 0x00000004eb400000, 0x00000004eb600000|  0%| F|  |TAMS 0x00000004eb400000, 0x00000004eb400000| Untracked 
| 167|0x00000004eb600000, 0x00000004eb600000, 0x00000004eb800000|  0%| F|  |TAMS 0x00000004eb600000, 0x00000004eb600000| Untracked 
| 168|0x00000004eb800000, 0x00000004eb800000, 0x00000004eba00000|  0%| F|  |TAMS 0x00000004eb800000, 0x00000004eb800000| Untracked 
| 169|0x00000004eba00000, 0x00000004eba00000, 0x00000004ebc00000|  0%| F|  |TAMS 0x00000004eba00000, 0x00000004eba00000| Untracked 
| 170|0x00000004ebc00000, 0x00000004ebc00000, 0x00000004ebe00000|  0%| F|  |TAMS 0x00000004ebc00000, 0x00000004ebc00000| Untracked 
| 171|0x00000004ebe00000, 0x00000004ebe00000, 0x00000004ec000000|  0%| F|  |TAMS 0x00000004ebe00000, 0x00000004ebe00000| Untracked 
| 172|0x00000004ec000000, 0x00000004ec000000, 0x00000004ec200000|  0%| F|  |TAMS 0x00000004ec000000, 0x00000004ec000000| Untracked 
| 173|0x00000004ec200000, 0x00000004ec200000, 0x00000004ec400000|  0%| F|  |TAMS 0x00000004ec200000, 0x00000004ec200000| Untracked 
| 174|0x00000004ec400000, 0x00000004ec400000, 0x00000004ec600000|  0%| F|  |TAMS 0x00000004ec400000, 0x00000004ec400000| Untracked 
| 175|0x00000004ec600000, 0x00000004ec600000, 0x00000004ec800000|  0%| F|  |TAMS 0x00000004ec600000, 0x00000004ec600000| Untracked 
| 176|0x00000004ec800000, 0x00000004ec800000, 0x00000004eca00000|  0%| F|  |TAMS 0x00000004ec800000, 0x00000004ec800000| Untracked 
| 177|0x00000004eca00000, 0x00000004eca00000, 0x00000004ecc00000|  0%| F|  |TAMS 0x00000004eca00000, 0x00000004eca00000| Untracked 
| 178|0x00000004ecc00000, 0x00000004ecc00000, 0x00000004ece00000|  0%| F|  |TAMS 0x00000004ecc00000, 0x00000004ecc00000| Untracked 
| 179|0x00000004ece00000, 0x00000004ece00000, 0x00000004ed000000|  0%| F|  |TAMS 0x00000004ece00000, 0x00000004ece00000| Untracked 
| 180|0x00000004ed000000, 0x00000004ed000000, 0x00000004ed200000|  0%| F|  |TAMS 0x00000004ed000000, 0x00000004ed000000| Untracked 
| 181|0x00000004ed200000, 0x00000004ed200000, 0x00000004ed400000|  0%| F|  |TAMS 0x00000004ed200000, 0x00000004ed200000| Untracked 
| 182|0x00000004ed400000, 0x00000004ed400000, 0x00000004ed600000|  0%| F|  |TAMS 0x00000004ed400000, 0x00000004ed400000| Untracked 
| 183|0x00000004ed600000, 0x00000004ed600000, 0x00000004ed800000|  0%| F|  |TAMS 0x00000004ed600000, 0x00000004ed600000| Untracked 
| 184|0x00000004ed800000, 0x00000004ed800000, 0x00000004eda00000|  0%| F|  |TAMS 0x00000004ed800000, 0x00000004ed800000| Untracked 
| 185|0x00000004eda00000, 0x00000004eda00000, 0x00000004edc00000|  0%| F|  |TAMS 0x00000004eda00000, 0x00000004eda00000| Untracked 
| 186|0x00000004edc00000, 0x00000004edc00000, 0x00000004ede00000|  0%| F|  |TAMS 0x00000004edc00000, 0x00000004edc00000| Untracked 
| 187|0x00000004ede00000, 0x00000004ede00000, 0x00000004ee000000|  0%| F|  |TAMS 0x00000004ede00000, 0x00000004ede00000| Untracked 
| 188|0x00000004ee000000, 0x00000004ee000000, 0x00000004ee200000|  0%| F|  |TAMS 0x00000004ee000000, 0x00000004ee000000| Untracked 
| 189|0x00000004ee200000, 0x00000004ee200000, 0x00000004ee400000|  0%| F|  |TAMS 0x00000004ee200000, 0x00000004ee200000| Untracked 
| 190|0x00000004ee400000, 0x00000004ee400000, 0x00000004ee600000|  0%| F|  |TAMS 0x00000004ee400000, 0x00000004ee400000| Untracked 
| 191|0x00000004ee600000, 0x00000004ee600000, 0x00000004ee800000|  0%| F|  |TAMS 0x00000004ee600000, 0x00000004ee600000| Untracked 
| 192|0x00000004ee800000, 0x00000004ee800000, 0x00000004eea00000|  0%| F|  |TAMS 0x00000004ee800000, 0x00000004ee800000| Untracked 
| 193|0x00000004eea00000, 0x00000004eea00000, 0x00000004eec00000|  0%| F|  |TAMS 0x00000004eea00000, 0x00000004eea00000| Untracked 
| 194|0x00000004eec00000, 0x00000004eec00000, 0x00000004eee00000|  0%| F|  |TAMS 0x00000004eec00000, 0x00000004eec00000| Untracked 
| 195|0x00000004eee00000, 0x00000004eee00000, 0x00000004ef000000|  0%| F|  |TAMS 0x00000004eee00000, 0x00000004eee00000| Untracked 
| 196|0x00000004ef000000, 0x00000004ef000000, 0x00000004ef200000|  0%| F|  |TAMS 0x00000004ef000000, 0x00000004ef000000| Untracked 
| 197|0x00000004ef200000, 0x00000004ef200000, 0x00000004ef400000|  0%| F|  |TAMS 0x00000004ef200000, 0x00000004ef200000| Untracked 
| 198|0x00000004ef400000, 0x00000004ef400000, 0x00000004ef600000|  0%| F|  |TAMS 0x00000004ef400000, 0x00000004ef400000| Untracked 
| 199|0x00000004ef600000, 0x00000004ef600000, 0x00000004ef800000|  0%| F|  |TAMS 0x00000004ef600000, 0x00000004ef600000| Untracked 
| 200|0x00000004ef800000, 0x00000004ef800000, 0x00000004efa00000|  0%| F|  |TAMS 0x00000004ef800000, 0x00000004ef800000| Untracked 
| 201|0x00000004efa00000, 0x00000004efa00000, 0x00000004efc00000|  0%| F|  |TAMS 0x00000004efa00000, 0x00000004efa00000| Untracked 
| 202|0x00000004efc00000, 0x00000004efc00000, 0x00000004efe00000|  0%| F|  |TAMS 0x00000004efc00000, 0x00000004efc00000| Untracked 
| 203|0x00000004efe00000, 0x00000004efe00000, 0x00000004f0000000|  0%| F|  |TAMS 0x00000004efe00000, 0x00000004efe00000| Untracked 
| 204|0x00000004f0000000, 0x00000004f0000000, 0x00000004f0200000|  0%| F|  |TAMS 0x00000004f0000000, 0x00000004f0000000| Untracked 
| 205|0x00000004f0200000, 0x00000004f0200000, 0x00000004f0400000|  0%| F|  |TAMS 0x00000004f0200000, 0x00000004f0200000| Untracked 
| 206|0x00000004f0400000, 0x00000004f0400000, 0x00000004f0600000|  0%| F|  |TAMS 0x00000004f0400000, 0x00000004f0400000| Untracked 
| 207|0x00000004f0600000, 0x00000004f0600000, 0x00000004f0800000|  0%| F|  |TAMS 0x00000004f0600000, 0x00000004f0600000| Untracked 
| 208|0x00000004f0800000, 0x00000004f0800000, 0x00000004f0a00000|  0%| F|  |TAMS 0x00000004f0800000, 0x00000004f0800000| Untracked 
| 209|0x00000004f0a00000, 0x00000004f0a00000, 0x00000004f0c00000|  0%| F|  |TAMS 0x00000004f0a00000, 0x00000004f0a00000| Untracked 
| 210|0x00000004f0c00000, 0x00000004f0c00000, 0x00000004f0e00000|  0%| F|  |TAMS 0x00000004f0c00000, 0x00000004f0c00000| Untracked 
| 211|0x00000004f0e00000, 0x00000004f0e00000, 0x00000004f1000000|  0%| F|  |TAMS 0x00000004f0e00000, 0x00000004f0e00000| Untracked 
| 212|0x00000004f1000000, 0x00000004f1000000, 0x00000004f1200000|  0%| F|  |TAMS 0x00000004f1000000, 0x00000004f1000000| Untracked 
| 213|0x00000004f1200000, 0x00000004f1200000, 0x00000004f1400000|  0%| F|  |TAMS 0x00000004f1200000, 0x00000004f1200000| Untracked 
| 214|0x00000004f1400000, 0x00000004f1400000, 0x00000004f1600000|  0%| F|  |TAMS 0x00000004f1400000, 0x00000004f1400000| Untracked 
| 215|0x00000004f1600000, 0x00000004f1600000, 0x00000004f1800000|  0%| F|  |TAMS 0x00000004f1600000, 0x00000004f1600000| Untracked 
| 216|0x00000004f1800000, 0x00000004f1800000, 0x00000004f1a00000|  0%| F|  |TAMS 0x00000004f1800000, 0x00000004f1800000| Untracked 
| 217|0x00000004f1a00000, 0x00000004f1a00000, 0x00000004f1c00000|  0%| F|  |TAMS 0x00000004f1a00000, 0x00000004f1a00000| Untracked 
| 218|0x00000004f1c00000, 0x00000004f1c00000, 0x00000004f1e00000|  0%| F|  |TAMS 0x00000004f1c00000, 0x00000004f1c00000| Untracked 
| 219|0x00000004f1e00000, 0x00000004f1e00000, 0x00000004f2000000|  0%| F|  |TAMS 0x00000004f1e00000, 0x00000004f1e00000| Untracked 
| 220|0x00000004f2000000, 0x00000004f2000000, 0x00000004f2200000|  0%| F|  |TAMS 0x00000004f2000000, 0x00000004f2000000| Untracked 
| 221|0x00000004f2200000, 0x00000004f2200000, 0x00000004f2400000|  0%| F|  |TAMS 0x00000004f2200000, 0x00000004f2200000| Untracked 
| 222|0x00000004f2400000, 0x00000004f2400000, 0x00000004f2600000|  0%| F|  |TAMS 0x00000004f2400000, 0x00000004f2400000| Untracked 
| 223|0x00000004f2600000, 0x00000004f2600000, 0x00000004f2800000|  0%| F|  |TAMS 0x00000004f2600000, 0x00000004f2600000| Untracked 
| 224|0x00000004f2800000, 0x00000004f2800000, 0x00000004f2a00000|  0%| F|  |TAMS 0x00000004f2800000, 0x00000004f2800000| Untracked 
| 225|0x00000004f2a00000, 0x00000004f2a00000, 0x00000004f2c00000|  0%| F|  |TAMS 0x00000004f2a00000, 0x00000004f2a00000| Untracked 
| 226|0x00000004f2c00000, 0x00000004f2c00000, 0x00000004f2e00000|  0%| F|  |TAMS 0x00000004f2c00000, 0x00000004f2c00000| Untracked 
| 227|0x00000004f2e00000, 0x00000004f2e00000, 0x00000004f3000000|  0%| F|  |TAMS 0x00000004f2e00000, 0x00000004f2e00000| Untracked 
| 228|0x00000004f3000000, 0x00000004f3000000, 0x00000004f3200000|  0%| F|  |TAMS 0x00000004f3000000, 0x00000004f3000000| Untracked 
| 229|0x00000004f3200000, 0x00000004f3200000, 0x00000004f3400000|  0%| F|  |TAMS 0x00000004f3200000, 0x00000004f3200000| Untracked 
| 230|0x00000004f3400000, 0x00000004f3400000, 0x00000004f3600000|  0%| F|  |TAMS 0x00000004f3400000, 0x00000004f3400000| Untracked 
| 231|0x00000004f3600000, 0x00000004f3600000, 0x00000004f3800000|  0%| F|  |TAMS 0x00000004f3600000, 0x00000004f3600000| Untracked 
| 232|0x00000004f3800000, 0x00000004f3800000, 0x00000004f3a00000|  0%| F|  |TAMS 0x00000004f3800000, 0x00000004f3800000| Untracked 
| 233|0x00000004f3a00000, 0x00000004f3a00000, 0x00000004f3c00000|  0%| F|  |TAMS 0x00000004f3a00000, 0x00000004f3a00000| Untracked 
| 234|0x00000004f3c00000, 0x00000004f3c00000, 0x00000004f3e00000|  0%| F|  |TAMS 0x00000004f3c00000, 0x00000004f3c00000| Untracked 
| 235|0x00000004f3e00000, 0x00000004f3e00000, 0x00000004f4000000|  0%| F|  |TAMS 0x00000004f3e00000, 0x00000004f3e00000| Untracked 
| 236|0x00000004f4000000, 0x00000004f4000000, 0x00000004f4200000|  0%| F|  |TAMS 0x00000004f4000000, 0x00000004f4000000| Untracked 
| 237|0x00000004f4200000, 0x00000004f4200000, 0x00000004f4400000|  0%| F|  |TAMS 0x00000004f4200000, 0x00000004f4200000| Untracked 
| 238|0x00000004f4400000, 0x00000004f4400000, 0x00000004f4600000|  0%| F|  |TAMS 0x00000004f4400000, 0x00000004f4400000| Untracked 
| 239|0x00000004f4600000, 0x00000004f4600000, 0x00000004f4800000|  0%| F|  |TAMS 0x00000004f4600000, 0x00000004f4600000| Untracked 
| 240|0x00000004f4800000, 0x00000004f4800000, 0x00000004f4a00000|  0%| F|  |TAMS 0x00000004f4800000, 0x00000004f4800000| Untracked 
| 241|0x00000004f4a00000, 0x00000004f4a00000, 0x00000004f4c00000|  0%| F|  |TAMS 0x00000004f4a00000, 0x00000004f4a00000| Untracked 
| 242|0x00000004f4c00000, 0x00000004f4c00000, 0x00000004f4e00000|  0%| F|  |TAMS 0x00000004f4c00000, 0x00000004f4c00000| Untracked 
| 243|0x00000004f4e00000, 0x00000004f4e00000, 0x00000004f5000000|  0%| F|  |TAMS 0x00000004f4e00000, 0x00000004f4e00000| Untracked 
| 244|0x00000004f5000000, 0x00000004f5000000, 0x00000004f5200000|  0%| F|  |TAMS 0x00000004f5000000, 0x00000004f5000000| Untracked 
| 245|0x00000004f5200000, 0x00000004f5200000, 0x00000004f5400000|  0%| F|  |TAMS 0x00000004f5200000, 0x00000004f5200000| Untracked 
| 246|0x00000004f5400000, 0x00000004f5400000, 0x00000004f5600000|  0%| F|  |TAMS 0x00000004f5400000, 0x00000004f5400000| Untracked 
| 247|0x00000004f5600000, 0x00000004f5600000, 0x00000004f5800000|  0%| F|  |TAMS 0x00000004f5600000, 0x00000004f5600000| Untracked 
| 248|0x00000004f5800000, 0x00000004f5800000, 0x00000004f5a00000|  0%| F|  |TAMS 0x00000004f5800000, 0x00000004f5800000| Untracked 
| 249|0x00000004f5a00000, 0x00000004f5a00000, 0x00000004f5c00000|  0%| F|  |TAMS 0x00000004f5a00000, 0x00000004f5a00000| Untracked 
| 250|0x00000004f5c00000, 0x00000004f5c00000, 0x00000004f5e00000|  0%| F|  |TAMS 0x00000004f5c00000, 0x00000004f5c00000| Untracked 
| 251|0x00000004f5e00000, 0x00000004f5e00000, 0x00000004f6000000|  0%| F|  |TAMS 0x00000004f5e00000, 0x00000004f5e00000| Untracked 
| 252|0x00000004f6000000, 0x00000004f6000000, 0x00000004f6200000|  0%| F|  |TAMS 0x00000004f6000000, 0x00000004f6000000| Untracked 
| 253|0x00000004f6200000, 0x00000004f6200000, 0x00000004f6400000|  0%| F|  |TAMS 0x00000004f6200000, 0x00000004f6200000| Untracked 
| 254|0x00000004f6400000, 0x00000004f6400000, 0x00000004f6600000|  0%| F|  |TAMS 0x00000004f6400000, 0x00000004f6400000| Untracked 
| 255|0x00000004f6600000, 0x00000004f6600000, 0x00000004f6800000|  0%| F|  |TAMS 0x00000004f6600000, 0x00000004f6600000| Untracked 
| 256|0x00000004f6800000, 0x00000004f6800000, 0x00000004f6a00000|  0%| F|  |TAMS 0x00000004f6800000, 0x00000004f6800000| Untracked 
| 257|0x00000004f6a00000, 0x00000004f6a00000, 0x00000004f6c00000|  0%| F|  |TAMS 0x00000004f6a00000, 0x00000004f6a00000| Untracked 
| 258|0x00000004f6c00000, 0x00000004f6c00000, 0x00000004f6e00000|  0%| F|  |TAMS 0x00000004f6c00000, 0x00000004f6c00000| Untracked 
| 259|0x00000004f6e00000, 0x00000004f6e00000, 0x00000004f7000000|  0%| F|  |TAMS 0x00000004f6e00000, 0x00000004f6e00000| Untracked 
| 260|0x00000004f7000000, 0x00000004f7000000, 0x00000004f7200000|  0%| F|  |TAMS 0x00000004f7000000, 0x00000004f7000000| Untracked 
| 261|0x00000004f7200000, 0x00000004f7200000, 0x00000004f7400000|  0%| F|  |TAMS 0x00000004f7200000, 0x00000004f7200000| Untracked 
| 262|0x00000004f7400000, 0x00000004f7400000, 0x00000004f7600000|  0%| F|  |TAMS 0x00000004f7400000, 0x00000004f7400000| Untracked 
| 263|0x00000004f7600000, 0x00000004f7600000, 0x00000004f7800000|  0%| F|  |TAMS 0x00000004f7600000, 0x00000004f7600000| Untracked 
| 264|0x00000004f7800000, 0x00000004f7800000, 0x00000004f7a00000|  0%| F|  |TAMS 0x00000004f7800000, 0x00000004f7800000| Untracked 
| 265|0x00000004f7a00000, 0x00000004f7a00000, 0x00000004f7c00000|  0%| F|  |TAMS 0x00000004f7a00000, 0x00000004f7a00000| Untracked 
| 266|0x00000004f7c00000, 0x00000004f7c00000, 0x00000004f7e00000|  0%| F|  |TAMS 0x00000004f7c00000, 0x00000004f7c00000| Untracked 
| 267|0x00000004f7e00000, 0x00000004f7e00000, 0x00000004f8000000|  0%| F|  |TAMS 0x00000004f7e00000, 0x00000004f7e00000| Untracked 
| 268|0x00000004f8000000, 0x00000004f8000000, 0x00000004f8200000|  0%| F|  |TAMS 0x00000004f8000000, 0x00000004f8000000| Untracked 
| 269|0x00000004f8200000, 0x00000004f8200000, 0x00000004f8400000|  0%| F|  |TAMS 0x00000004f8200000, 0x00000004f8200000| Untracked 
| 270|0x00000004f8400000, 0x00000004f8400000, 0x00000004f8600000|  0%| F|  |TAMS 0x00000004f8400000, 0x00000004f8400000| Untracked 
| 271|0x00000004f8600000, 0x00000004f8600000, 0x00000004f8800000|  0%| F|  |TAMS 0x00000004f8600000, 0x00000004f8600000| Untracked 
| 272|0x00000004f8800000, 0x00000004f8800000, 0x00000004f8a00000|  0%| F|  |TAMS 0x00000004f8800000, 0x00000004f8800000| Untracked 
| 273|0x00000004f8a00000, 0x00000004f8a00000, 0x00000004f8c00000|  0%| F|  |TAMS 0x00000004f8a00000, 0x00000004f8a00000| Untracked 
| 274|0x00000004f8c00000, 0x00000004f8c00000, 0x00000004f8e00000|  0%| F|  |TAMS 0x00000004f8c00000, 0x00000004f8c00000| Untracked 
| 275|0x00000004f8e00000, 0x00000004f8e00000, 0x00000004f9000000|  0%| F|  |TAMS 0x00000004f8e00000, 0x00000004f8e00000| Untracked 
| 276|0x00000004f9000000, 0x00000004f9000000, 0x00000004f9200000|  0%| F|  |TAMS 0x00000004f9000000, 0x00000004f9000000| Untracked 
| 277|0x00000004f9200000, 0x00000004f9200000, 0x00000004f9400000|  0%| F|  |TAMS 0x00000004f9200000, 0x00000004f9200000| Untracked 
| 278|0x00000004f9400000, 0x00000004f9400000, 0x00000004f9600000|  0%| F|  |TAMS 0x00000004f9400000, 0x00000004f9400000| Untracked 
| 279|0x00000004f9600000, 0x00000004f9600000, 0x00000004f9800000|  0%| F|  |TAMS 0x00000004f9600000, 0x00000004f9600000| Untracked 
| 280|0x00000004f9800000, 0x00000004f9800000, 0x00000004f9a00000|  0%| F|  |TAMS 0x00000004f9800000, 0x00000004f9800000| Untracked 
| 281|0x00000004f9a00000, 0x00000004f9a00000, 0x00000004f9c00000|  0%| F|  |TAMS 0x00000004f9a00000, 0x00000004f9a00000| Untracked 
| 282|0x00000004f9c00000, 0x00000004f9c00000, 0x00000004f9e00000|  0%| F|  |TAMS 0x00000004f9c00000, 0x00000004f9c00000| Untracked 
| 283|0x00000004f9e00000, 0x00000004f9e00000, 0x00000004fa000000|  0%| F|  |TAMS 0x00000004f9e00000, 0x00000004f9e00000| Untracked 
| 284|0x00000004fa000000, 0x00000004fa000000, 0x00000004fa200000|  0%| F|  |TAMS 0x00000004fa000000, 0x00000004fa000000| Untracked 
| 285|0x00000004fa200000, 0x00000004fa200000, 0x00000004fa400000|  0%| F|  |TAMS 0x00000004fa200000, 0x00000004fa200000| Untracked 
| 286|0x00000004fa400000, 0x00000004fa400000, 0x00000004fa600000|  0%| F|  |TAMS 0x00000004fa400000, 0x00000004fa400000| Untracked 
| 287|0x00000004fa600000, 0x00000004fa600000, 0x00000004fa800000|  0%| F|  |TAMS 0x00000004fa600000, 0x00000004fa600000| Untracked 
| 288|0x00000004fa800000, 0x00000004fa800000, 0x00000004faa00000|  0%| F|  |TAMS 0x00000004fa800000, 0x00000004fa800000| Untracked 
| 289|0x00000004faa00000, 0x00000004faa00000, 0x00000004fac00000|  0%| F|  |TAMS 0x00000004faa00000, 0x00000004faa00000| Untracked 
| 290|0x00000004fac00000, 0x00000004fac00000, 0x00000004fae00000|  0%| F|  |TAMS 0x00000004fac00000, 0x00000004fac00000| Untracked 
| 291|0x00000004fae00000, 0x00000004fae00000, 0x00000004fb000000|  0%| F|  |TAMS 0x00000004fae00000, 0x00000004fae00000| Untracked 
| 292|0x00000004fb000000, 0x00000004fb000000, 0x00000004fb200000|  0%| F|  |TAMS 0x00000004fb000000, 0x00000004fb000000| Untracked 
| 293|0x00000004fb200000, 0x00000004fb200000, 0x00000004fb400000|  0%| F|  |TAMS 0x00000004fb200000, 0x00000004fb200000| Untracked 
| 294|0x00000004fb400000, 0x00000004fb400000, 0x00000004fb600000|  0%| F|  |TAMS 0x00000004fb400000, 0x00000004fb400000| Untracked 
| 295|0x00000004fb600000, 0x00000004fb600000, 0x00000004fb800000|  0%| F|  |TAMS 0x00000004fb600000, 0x00000004fb600000| Untracked 
| 296|0x00000004fb800000, 0x00000004fb800000, 0x00000004fba00000|  0%| F|  |TAMS 0x00000004fb800000, 0x00000004fb800000| Untracked 
| 297|0x00000004fba00000, 0x00000004fba00000, 0x00000004fbc00000|  0%| F|  |TAMS 0x00000004fba00000, 0x00000004fba00000| Untracked 
| 298|0x00000004fbc00000, 0x00000004fbc00000, 0x00000004fbe00000|  0%| F|  |TAMS 0x00000004fbc00000, 0x00000004fbc00000| Untracked 
| 299|0x00000004fbe00000, 0x00000004fbe00000, 0x00000004fc000000|  0%| F|  |TAMS 0x00000004fbe00000, 0x00000004fbe00000| Untracked 
| 300|0x00000004fc000000, 0x00000004fc000000, 0x00000004fc200000|  0%| F|  |TAMS 0x00000004fc000000, 0x00000004fc000000| Untracked 
| 301|0x00000004fc200000, 0x00000004fc200000, 0x00000004fc400000|  0%| F|  |TAMS 0x00000004fc200000, 0x00000004fc200000| Untracked 
| 302|0x00000004fc400000, 0x00000004fc400000, 0x00000004fc600000|  0%| F|  |TAMS 0x00000004fc400000, 0x00000004fc400000| Untracked 
| 303|0x00000004fc600000, 0x00000004fc600000, 0x00000004fc800000|  0%| F|  |TAMS 0x00000004fc600000, 0x00000004fc600000| Untracked 
| 304|0x00000004fc800000, 0x00000004fc800000, 0x00000004fca00000|  0%| F|  |TAMS 0x00000004fc800000, 0x00000004fc800000| Untracked 
| 305|0x00000004fca00000, 0x00000004fca00000, 0x00000004fcc00000|  0%| F|  |TAMS 0x00000004fca00000, 0x00000004fca00000| Untracked 
| 306|0x00000004fcc00000, 0x00000004fcc00000, 0x00000004fce00000|  0%| F|  |TAMS 0x00000004fcc00000, 0x00000004fcc00000| Untracked 
| 307|0x00000004fce00000, 0x00000004fce00000, 0x00000004fd000000|  0%| F|  |TAMS 0x00000004fce00000, 0x00000004fce00000| Untracked 
| 308|0x00000004fd000000, 0x00000004fd000000, 0x00000004fd200000|  0%| F|  |TAMS 0x00000004fd000000, 0x00000004fd000000| Untracked 
| 309|0x00000004fd200000, 0x00000004fd200000, 0x00000004fd400000|  0%| F|  |TAMS 0x00000004fd200000, 0x00000004fd200000| Untracked 
| 310|0x00000004fd400000, 0x00000004fd400000, 0x00000004fd600000|  0%| F|  |TAMS 0x00000004fd400000, 0x00000004fd400000| Untracked 
| 311|0x00000004fd600000, 0x00000004fd600000, 0x00000004fd800000|  0%| F|  |TAMS 0x00000004fd600000, 0x00000004fd600000| Untracked 
| 312|0x00000004fd800000, 0x00000004fd800000, 0x00000004fda00000|  0%| F|  |TAMS 0x00000004fd800000, 0x00000004fd800000| Untracked 
| 313|0x00000004fda00000, 0x00000004fda00000, 0x00000004fdc00000|  0%| F|  |TAMS 0x00000004fda00000, 0x00000004fda00000| Untracked 
| 314|0x00000004fdc00000, 0x00000004fdc00000, 0x00000004fde00000|  0%| F|  |TAMS 0x00000004fdc00000, 0x00000004fdc00000| Untracked 
| 315|0x00000004fde00000, 0x00000004fde00000, 0x00000004fe000000|  0%| F|  |TAMS 0x00000004fde00000, 0x00000004fde00000| Untracked 
| 316|0x00000004fe000000, 0x00000004fe000000, 0x00000004fe200000|  0%| F|  |TAMS 0x00000004fe000000, 0x00000004fe000000| Untracked 
| 317|0x00000004fe200000, 0x00000004fe200000, 0x00000004fe400000|  0%| F|  |TAMS 0x00000004fe200000, 0x00000004fe200000| Untracked 
| 318|0x00000004fe400000, 0x00000004fe400000, 0x00000004fe600000|  0%| F|  |TAMS 0x00000004fe400000, 0x00000004fe400000| Untracked 
| 319|0x00000004fe600000, 0x00000004fe600000, 0x00000004fe800000|  0%| F|  |TAMS 0x00000004fe600000, 0x00000004fe600000| Untracked 
| 320|0x00000004fe800000, 0x00000004fe800000, 0x00000004fea00000|  0%| F|  |TAMS 0x00000004fe800000, 0x00000004fe800000| Untracked 
| 321|0x00000004fea00000, 0x00000004fea00000, 0x00000004fec00000|  0%| F|  |TAMS 0x00000004fea00000, 0x00000004fea00000| Untracked 
| 322|0x00000004fec00000, 0x00000004fec00000, 0x00000004fee00000|  0%| F|  |TAMS 0x00000004fec00000, 0x00000004fec00000| Untracked 
| 323|0x00000004fee00000, 0x00000004fee00000, 0x00000004ff000000|  0%| F|  |TAMS 0x00000004fee00000, 0x00000004fee00000| Untracked 
| 324|0x00000004ff000000, 0x00000004ff000000, 0x00000004ff200000|  0%| F|  |TAMS 0x00000004ff000000, 0x00000004ff000000| Untracked 
| 325|0x00000004ff200000, 0x00000004ff200000, 0x00000004ff400000|  0%| F|  |TAMS 0x00000004ff200000, 0x00000004ff200000| Untracked 
| 326|0x00000004ff400000, 0x00000004ff400000, 0x00000004ff600000|  0%| F|  |TAMS 0x00000004ff400000, 0x00000004ff400000| Untracked 
| 327|0x00000004ff600000, 0x00000004ff600000, 0x00000004ff800000|  0%| F|  |TAMS 0x00000004ff600000, 0x00000004ff600000| Untracked 
| 328|0x00000004ff800000, 0x00000004ff800000, 0x00000004ffa00000|  0%| F|  |TAMS 0x00000004ff800000, 0x00000004ff800000| Untracked 
| 329|0x00000004ffa00000, 0x00000004ffa00000, 0x00000004ffc00000|  0%| F|  |TAMS 0x00000004ffa00000, 0x00000004ffa00000| Untracked 
| 330|0x00000004ffc00000, 0x00000004ffc00000, 0x00000004ffe00000|  0%| F|  |TAMS 0x00000004ffc00000, 0x00000004ffc00000| Untracked 
| 331|0x00000004ffe00000, 0x00000004ffe00000, 0x0000000500000000|  0%| F|  |TAMS 0x00000004ffe00000, 0x00000004ffe00000| Untracked 
| 332|0x0000000500000000, 0x0000000500000000, 0x0000000500200000|  0%| F|  |TAMS 0x0000000500000000, 0x0000000500000000| Untracked 
| 333|0x0000000500200000, 0x0000000500200000, 0x0000000500400000|  0%| F|  |TAMS 0x0000000500200000, 0x0000000500200000| Untracked 
| 334|0x0000000500400000, 0x0000000500400000, 0x0000000500600000|  0%| F|  |TAMS 0x0000000500400000, 0x0000000500400000| Untracked 
| 335|0x0000000500600000, 0x0000000500800000, 0x0000000500800000|100%| S|CS|TAMS 0x0000000500600000, 0x0000000500600000| Complete 
| 336|0x0000000500800000, 0x0000000500a00000, 0x0000000500a00000|100%| S|CS|TAMS 0x0000000500800000, 0x0000000500800000| Complete 
| 337|0x0000000500a00000, 0x0000000500c00000, 0x0000000500c00000|100%| S|CS|TAMS 0x0000000500a00000, 0x0000000500a00000| Complete 
| 338|0x0000000500c00000, 0x0000000500e00000, 0x0000000500e00000|100%| S|CS|TAMS 0x0000000500c00000, 0x0000000500c00000| Complete 
| 339|0x0000000500e00000, 0x0000000501000000, 0x0000000501000000|100%| S|CS|TAMS 0x0000000500e00000, 0x0000000500e00000| Complete 
| 340|0x0000000501000000, 0x0000000501200000, 0x0000000501200000|100%| S|CS|TAMS 0x0000000501000000, 0x0000000501000000| Complete 
| 341|0x0000000501200000, 0x0000000501200000, 0x0000000501400000|  0%| F|  |TAMS 0x0000000501200000, 0x0000000501200000| Untracked 
| 342|0x0000000501400000, 0x0000000501400000, 0x0000000501600000|  0%| F|  |TAMS 0x0000000501400000, 0x0000000501400000| Untracked 
| 343|0x0000000501600000, 0x0000000501600000, 0x0000000501800000|  0%| F|  |TAMS 0x0000000501600000, 0x0000000501600000| Untracked 
| 344|0x0000000501800000, 0x0000000501800000, 0x0000000501a00000|  0%| F|  |TAMS 0x0000000501800000, 0x0000000501800000| Untracked 
| 345|0x0000000501a00000, 0x0000000501a00000, 0x0000000501c00000|  0%| F|  |TAMS 0x0000000501a00000, 0x0000000501a00000| Untracked 
| 346|0x0000000501c00000, 0x0000000501c00000, 0x0000000501e00000|  0%| F|  |TAMS 0x0000000501c00000, 0x0000000501c00000| Untracked 
| 347|0x0000000501e00000, 0x0000000501e00000, 0x0000000502000000|  0%| F|  |TAMS 0x0000000501e00000, 0x0000000501e00000| Untracked 
| 348|0x0000000502000000, 0x0000000502000000, 0x0000000502200000|  0%| F|  |TAMS 0x0000000502000000, 0x0000000502000000| Untracked 
| 349|0x0000000502200000, 0x0000000502200000, 0x0000000502400000|  0%| F|  |TAMS 0x0000000502200000, 0x0000000502200000| Untracked 
| 350|0x0000000502400000, 0x0000000502400000, 0x0000000502600000|  0%| F|  |TAMS 0x0000000502400000, 0x0000000502400000| Untracked 
| 351|0x0000000502600000, 0x0000000502600000, 0x0000000502800000|  0%| F|  |TAMS 0x0000000502600000, 0x0000000502600000| Untracked 
| 352|0x0000000502800000, 0x0000000502800000, 0x0000000502a00000|  0%| F|  |TAMS 0x0000000502800000, 0x0000000502800000| Untracked 
| 353|0x0000000502a00000, 0x0000000502a00000, 0x0000000502c00000|  0%| F|  |TAMS 0x0000000502a00000, 0x0000000502a00000| Untracked 
| 354|0x0000000502c00000, 0x0000000502c00000, 0x0000000502e00000|  0%| F|  |TAMS 0x0000000502c00000, 0x0000000502c00000| Untracked 
| 355|0x0000000502e00000, 0x0000000502e00000, 0x0000000503000000|  0%| F|  |TAMS 0x0000000502e00000, 0x0000000502e00000| Untracked 
| 356|0x0000000503000000, 0x0000000503000000, 0x0000000503200000|  0%| F|  |TAMS 0x0000000503000000, 0x0000000503000000| Untracked 
| 357|0x0000000503200000, 0x0000000503200000, 0x0000000503400000|  0%| F|  |TAMS 0x0000000503200000, 0x0000000503200000| Untracked 
| 358|0x0000000503400000, 0x0000000503400000, 0x0000000503600000|  0%| F|  |TAMS 0x0000000503400000, 0x0000000503400000| Untracked 
| 359|0x0000000503600000, 0x0000000503600000, 0x0000000503800000|  0%| F|  |TAMS 0x0000000503600000, 0x0000000503600000| Untracked 
| 360|0x0000000503800000, 0x0000000503800000, 0x0000000503a00000|  0%| F|  |TAMS 0x0000000503800000, 0x0000000503800000| Untracked 
| 361|0x0000000503a00000, 0x0000000503a00000, 0x0000000503c00000|  0%| F|  |TAMS 0x0000000503a00000, 0x0000000503a00000| Untracked 
| 362|0x0000000503c00000, 0x0000000503c00000, 0x0000000503e00000|  0%| F|  |TAMS 0x0000000503c00000, 0x0000000503c00000| Untracked 
| 363|0x0000000503e00000, 0x0000000503e00000, 0x0000000504000000|  0%| F|  |TAMS 0x0000000503e00000, 0x0000000503e00000| Untracked 
| 364|0x0000000504000000, 0x0000000504000000, 0x0000000504200000|  0%| F|  |TAMS 0x0000000504000000, 0x0000000504000000| Untracked 
| 365|0x0000000504200000, 0x0000000504200000, 0x0000000504400000|  0%| F|  |TAMS 0x0000000504200000, 0x0000000504200000| Untracked 
| 366|0x0000000504400000, 0x0000000504400000, 0x0000000504600000|  0%| F|  |TAMS 0x0000000504400000, 0x0000000504400000| Untracked 
| 367|0x0000000504600000, 0x0000000504600000, 0x0000000504800000|  0%| F|  |TAMS 0x0000000504600000, 0x0000000504600000| Untracked 
| 368|0x0000000504800000, 0x0000000504800000, 0x0000000504a00000|  0%| F|  |TAMS 0x0000000504800000, 0x0000000504800000| Untracked 
| 369|0x0000000504a00000, 0x0000000504a00000, 0x0000000504c00000|  0%| F|  |TAMS 0x0000000504a00000, 0x0000000504a00000| Untracked 
| 370|0x0000000504c00000, 0x0000000504c00000, 0x0000000504e00000|  0%| F|  |TAMS 0x0000000504c00000, 0x0000000504c00000| Untracked 
| 371|0x0000000504e00000, 0x0000000504e00000, 0x0000000505000000|  0%| F|  |TAMS 0x0000000504e00000, 0x0000000504e00000| Untracked 
| 372|0x0000000505000000, 0x0000000505000000, 0x0000000505200000|  0%| F|  |TAMS 0x0000000505000000, 0x0000000505000000| Untracked 
| 373|0x0000000505200000, 0x0000000505200000, 0x0000000505400000|  0%| F|  |TAMS 0x0000000505200000, 0x0000000505200000| Untracked 
| 374|0x0000000505400000, 0x0000000505400000, 0x0000000505600000|  0%| F|  |TAMS 0x0000000505400000, 0x0000000505400000| Untracked 
| 375|0x0000000505600000, 0x0000000505600000, 0x0000000505800000|  0%| F|  |TAMS 0x0000000505600000, 0x0000000505600000| Untracked 
| 376|0x0000000505800000, 0x0000000505800000, 0x0000000505a00000|  0%| F|  |TAMS 0x0000000505800000, 0x0000000505800000| Untracked 
| 377|0x0000000505a00000, 0x0000000505a00000, 0x0000000505c00000|  0%| F|  |TAMS 0x0000000505a00000, 0x0000000505a00000| Untracked 
| 378|0x0000000505c00000, 0x0000000505c00000, 0x0000000505e00000|  0%| F|  |TAMS 0x0000000505c00000, 0x0000000505c00000| Untracked 
| 379|0x0000000505e00000, 0x0000000505e00000, 0x0000000506000000|  0%| F|  |TAMS 0x0000000505e00000, 0x0000000505e00000| Untracked 
| 380|0x0000000506000000, 0x0000000506000000, 0x0000000506200000|  0%| F|  |TAMS 0x0000000506000000, 0x0000000506000000| Untracked 
| 381|0x0000000506200000, 0x0000000506200000, 0x0000000506400000|  0%| F|  |TAMS 0x0000000506200000, 0x0000000506200000| Untracked 
| 382|0x0000000506400000, 0x0000000506400000, 0x0000000506600000|  0%| F|  |TAMS 0x0000000506400000, 0x0000000506400000| Untracked 
| 383|0x0000000506600000, 0x0000000506600000, 0x0000000506800000|  0%| F|  |TAMS 0x0000000506600000, 0x0000000506600000| Untracked 

Card table byte_map: [0x00000206d13b0000,0x00000206d1bb0000] _byte_map_base: 0x00000206cecfc000

Marking Bits (Prev, Next): (CMBitMap*) 0x00000206ba3f9b60, (CMBitMap*) 0x00000206ba3f9ba0
 Prev Bits: [0x00000206d23b0000, 0x00000206d6340000)
 Next Bits: [0x00000206d6340000, 0x00000206da2d0000)

Polling page: 0x00000206b8530000

Metaspace:

Usage:
  Non-class:      7.21 MB used.
      Class:    864.82 KB used.
       Both:      8.05 MB used.

Virtual space:
  Non-class space:       16.00 MB reserved,       7.31 MB ( 46%) committed,  2 nodes.
      Class space:        1.00 GB reserved,     960.00 KB ( <1%) committed,  1 nodes.
             Both:        1.02 GB reserved,       8.25 MB ( <1%) committed. 

Chunk freelists:
   Non-Class:  3.98 MB
       Class:  3.07 MB
        Both:  7.06 MB

MaxMetaspaceSize: unlimited
CompressedClassSpaceSize: 1.00 GB
Initial GC threshold: 21.00 MB
Current GC threshold: 21.00 MB
CDS: on
MetaspaceReclaimPolicy: balanced
 - commit_granule_bytes: 65536.
 - commit_granule_words: 8192.
 - virtual_space_node_default_size: 1048576.
 - enlarge_chunks_in_place: 1.
 - new_chunks_are_fully_committed: 0.
 - uncommit_free_chunks: 1.
 - use_allocation_guard: 0.
 - handle_deallocations: 1.


Internal statistics:

num_allocs_failed_limit: 0.
num_arena_births: 106.
num_arena_deaths: 0.
num_vsnodes_births: 3.
num_vsnodes_deaths: 0.
num_space_committed: 132.
num_space_uncommitted: 0.
num_chunks_returned_to_freelist: 0.
num_chunks_taken_from_freelist: 143.
num_chunk_merges: 0.
num_chunk_splits: 89.
num_chunks_enlarged: 49.
num_purges: 0.
num_inconsistent_stats: 0.

CodeHeap 'non-profiled nmethods': size=120000Kb used=368Kb max_used=368Kb free=119631Kb
 bounds [0x00000206c9680000, 0x00000206c98f0000, 0x00000206d0bb0000]
CodeHeap 'profiled nmethods': size=120000Kb used=2237Kb max_used=2237Kb free=117762Kb
 bounds [0x00000206c2150000, 0x00000206c23c0000, 0x00000206c9680000]
CodeHeap 'non-nmethods': size=5760Kb used=1290Kb max_used=1307Kb free=4469Kb
 bounds [0x00000206c1bb0000, 0x00000206c1e20000, 0x00000206c2150000]
 total_blobs=2046 nmethods=1426 adapters=533
 compilation: enabled
              stopped_count=0, restarted_count=0
 full_count=0

Compilation events (20 events):
Event: 3.624 Thread 0x00000206dc7ca8d0 1416       3       sun.java2d.SunGraphics2D::setDevClip (45 bytes)
Event: 3.624 Thread 0x00000206dc7ca8d0 nmethod 1416 0x00000206c237aa10 code [0x00000206c237abe0, 0x00000206c237aec8]
Event: 3.624 Thread 0x00000206dc7ca8d0 1417       3       sun.java2d.pipe.Region::getInstanceXYWH (16 bytes)
Event: 3.625 Thread 0x00000206dc7ca8d0 nmethod 1417 0x00000206c237b010 code [0x00000206c237b1c0, 0x00000206c237b4a8]
Event: 3.637 Thread 0x00000206dc7ca8d0 1418       3       java.awt.Component::repaint (16 bytes)
Event: 3.637 Thread 0x00000206dc7ca8d0 nmethod 1418 0x00000206c237b610 code [0x00000206c237b7c0, 0x00000206c237b9a8]
Event: 3.670 Thread 0x00000206dc7ca8d0 1419       3       sun.java2d.windows.GDIWindowSurfaceData::getBounds (54 bytes)
Event: 3.670 Thread 0x00000206dc7ca8d0 nmethod 1419 0x00000206c237ba90 code [0x00000206c237bc60, 0x00000206c237c1a8]
Event: 3.670 Thread 0x00000206dc7ca8d0 1420       3       sun.awt.windows.WComponentPeer::getBounds (11 bytes)
Event: 3.670 Thread 0x00000206dc7ca8d0 nmethod 1420 0x00000206c237c390 code [0x00000206c237c540, 0x00000206c237c8e8]
Event: 3.713 Thread 0x00000206dc7ca8d0 1421       3       java.util.ArrayList::fastRemove (44 bytes)
Event: 3.714 Thread 0x00000206dc7ca8d0 nmethod 1421 0x00000206c237ca10 code [0x00000206c237cbc0, 0x00000206c237cfc8]
Event: 3.717 Thread 0x00000206dc7ca8d0 1422       3       java.awt.Component::getForeground (29 bytes)
Event: 3.718 Thread 0x00000206dc7ca8d0 nmethod 1422 0x00000206c237d110 code [0x00000206c237d2e0, 0x00000206c237d708]
Event: 3.760 Thread 0x00000206dc7ca8d0 1423       3       java.awt.geom.AffineTransform::rotate270 (87 bytes)
Event: 3.760 Thread 0x00000206dc7ca8d0 nmethod 1423 0x00000206c237d810 code [0x00000206c237d9e0, 0x00000206c237dc78]
Event: 3.760 Thread 0x00000206dc7ca8d0 1424       3       java.awt.geom.AffineTransform::rotate90 (87 bytes)
Event: 3.760 Thread 0x00000206dc7ca8d0 nmethod 1424 0x00000206c237dd90 code [0x00000206c237df60, 0x00000206c237e1f8]
Event: 3.774 Thread 0x00000206dc7ca8d0 1425       3       robotsimulator.Bot::move (223 bytes)
Event: 3.775 Thread 0x00000206dc7ca8d0 nmethod 1425 0x00000206c237e310 code [0x00000206c237e540, 0x00000206c237f2c8]

GC Heap History (19 events):
Event: 0.585 GC heap before
{Heap before GC invocations=0 (full 0):
 garbage-first heap   total 262144K, used 10240K [0x00000004d6800000, 0x00000005d4c00000)
  region size 2048K, 6 young (12288K), 0 survivors (0K)
 Metaspace       used 4201K, committed 4352K, reserved 1056768K
  class space    used 484K, committed 576K, reserved 1048576K
}
Event: 0.592 GC heap after
{Heap after GC invocations=1 (full 0):
 garbage-first heap   total 262144K, used 8987K [0x00000004d6800000, 0x00000005d4c00000)
  region size 2048K, 1 young (2048K), 1 survivors (2048K)
 Metaspace       used 4201K, committed 4352K, reserved 1056768K
  class space    used 484K, committed 576K, reserved 1048576K
}
Event: 0.594 GC heap before
{Heap before GC invocations=1 (full 0):
 garbage-first heap   total 262144K, used 19227K [0x00000004d6800000, 0x00000005d4c00000)
  region size 2048K, 6 young (12288K), 1 survivors (2048K)
 Metaspace       used 4201K, committed 4352K, reserved 1056768K
  class space    used 484K, committed 576K, reserved 1048576K
}
Event: 0.600 GC heap after
{Heap after GC invocations=2 (full 0):
 garbage-first heap   total 262144K, used 19162K [0x00000004d6800000, 0x00000005d4c00000)
  region size 2048K, 1 young (2048K), 1 survivors (2048K)
 Metaspace       used 4201K, committed 4352K, reserved 1056768K
  class space    used 484K, committed 576K, reserved 1048576K
}
Event: 0.654 GC heap before
{Heap before GC invocations=2 (full 0):
 garbage-first heap   total 262144K, used 29402K [0x00000004d6800000, 0x00000005d4c00000)
  region size 2048K, 7 young (14336K), 1 survivors (2048K)
 Metaspace       used 4984K, committed 5184K, reserved 1056768K
  class space    used 555K, committed 640K, reserved 1048576K
}
Event: 0.660 GC heap after
{Heap after GC invocations=3 (full 0):
 garbage-first heap   total 262144K, used 30387K [0x00000004d6800000, 0x00000005d4c00000)
  region size 2048K, 1 young (2048K), 1 survivors (2048K)
 Metaspace       used 4984K, committed 5184K, reserved 1056768K
  class space    used 555K, committed 640K, reserved 1048576K
}
Event: 2.039 GC heap before
{Heap before GC invocations=3 (full 0):
 garbage-first heap   total 262144K, used 54963K [0x00000004d6800000, 0x00000005d4c00000)
  region size 2048K, 9 young (18432K), 1 survivors (2048K)
 Metaspace       used 7540K, committed 7680K, reserved 1056768K
  class space    used 831K, committed 896K, reserved 1048576K
}
Event: 2.048 GC heap after
{Heap after GC invocations=4 (full 0):
 garbage-first heap   total 262144K, used 51179K [0x00000004d6800000, 0x00000005d4c00000)
  region size 2048K, 2 young (4096K), 2 survivors (4096K)
 Metaspace       used 7540K, committed 7680K, reserved 1056768K
  class space    used 831K, committed 896K, reserved 1048576K
}
Event: 2.057 GC heap before
{Heap before GC invocations=4 (full 0):
 garbage-first heap   total 262144K, used 79851K [0x00000004d6800000, 0x00000005d4c00000)
  region size 2048K, 16 young (32768K), 2 survivors (4096K)
 Metaspace       used 7544K, committed 7680K, reserved 1056768K
  class space    used 832K, committed 896K, reserved 1048576K
}
Event: 2.072 GC heap after
{Heap after GC invocations=5 (full 0):
 garbage-first heap   total 262144K, used 79097K [0x00000004d6800000, 0x00000005d4c00000)
  region size 2048K, 2 young (4096K), 2 survivors (4096K)
 Metaspace       used 7544K, committed 7680K, reserved 1056768K
  class space    used 832K, committed 896K, reserved 1048576K
}
Event: 2.076 GC heap before
{Heap before GC invocations=5 (full 0):
 garbage-first heap   total 262144K, used 107769K [0x00000004d6800000, 0x00000005d4c00000)
  region size 2048K, 16 young (32768K), 2 survivors (4096K)
 Metaspace       used 7544K, committed 7680K, reserved 1056768K
  class space    used 832K, committed 896K, reserved 1048576K
}
Event: 2.092 GC heap after
{Heap after GC invocations=6 (full 0):
 garbage-first heap   total 786432K, used 107657K [0x00000004d6800000, 0x00000005d4c00000)
  region size 2048K, 2 young (4096K), 2 survivors (4096K)
 Metaspace       used 7544K, committed 7680K, reserved 1056768K
  class space    used 832K, committed 896K, reserved 1048576K
}
Event: 2.115 GC heap before
{Heap before GC invocations=6 (full 0):
 garbage-first heap   total 786432K, used 144521K [0x00000004d6800000, 0x00000005d4c00000)
  region size 2048K, 20 young (40960K), 2 survivors (4096K)
 Metaspace       used 7544K, committed 7680K, reserved 1056768K
  class space    used 832K, committed 896K, reserved 1048576K
}
Event: 2.135 GC heap after
{Heap after GC invocations=7 (full 0):
 garbage-first heap   total 786432K, used 144522K [0x00000004d6800000, 0x00000005d4c00000)
  region size 2048K, 3 young (6144K), 3 survivors (6144K)
 Metaspace       used 7544K, committed 7680K, reserved 1056768K
  class space    used 832K, committed 896K, reserved 1048576K
}
Event: 2.146 GC heap before
{Heap before GC invocations=7 (full 0):
 garbage-first heap   total 786432K, used 191626K [0x00000004d6800000, 0x00000005d4c00000)
  region size 2048K, 26 young (53248K), 3 survivors (6144K)
 Metaspace       used 7544K, committed 7680K, reserved 1056768K
  class space    used 832K, committed 896K, reserved 1048576K
}
Event: 2.156 GC heap after
{Heap after GC invocations=8 (full 0):
 garbage-first heap   total 786432K, used 162739K [0x00000004d6800000, 0x00000005d4c00000)
  region size 2048K, 4 young (8192K), 4 survivors (8192K)
 Metaspace       used 7544K, committed 7680K, reserved 1056768K
  class space    used 832K, committed 896K, reserved 1048576K
}
Event: 2.169 GC heap before
{Heap before GC invocations=8 (full 0):
 garbage-first heap   total 786432K, used 224179K [0x00000004d6800000, 0x00000005d4c00000)
  region size 2048K, 34 young (69632K), 4 survivors (8192K)
 Metaspace       used 7544K, committed 7680K, reserved 1056768K
  class space    used 832K, committed 896K, reserved 1048576K
}
Event: 2.186 GC heap after
{Heap after GC invocations=9 (full 0):
 garbage-first heap   total 786432K, used 195472K [0x00000004d6800000, 0x00000005d4c00000)
  region size 2048K, 5 young (10240K), 5 survivors (10240K)
 Metaspace       used 7544K, committed 7680K, reserved 1056768K
  class space    used 832K, committed 896K, reserved 1048576K
}
Event: 3.778 GC heap before
{Heap before GC invocations=9 (full 0):
 garbage-first heap   total 786432K, used 273296K [0x00000004d6800000, 0x00000005d4c00000)
  region size 2048K, 43 young (88064K), 5 survivors (10240K)
 Metaspace       used 8247K, committed 8448K, reserved 1064960K
  class space    used 864K, committed 960K, reserved 1048576K
}

Deoptimization events (20 events):
Event: 0.919 Thread 0x00000206dd6b8620 DEOPT PACKING pc=0x00000206c228546a sp=0x000000077fdfd7a0
Event: 0.919 Thread 0x00000206dd6b8620 DEOPT UNPACKING pc=0x00000206c1c02b43 sp=0x000000077fdfcc28 mode 0
Event: 0.919 Thread 0x00000206dd6b8620 DEOPT PACKING pc=0x00000206c228546a sp=0x000000077fdfd7a0
Event: 0.920 Thread 0x00000206dd6b8620 DEOPT UNPACKING pc=0x00000206c1c02b43 sp=0x000000077fdfcc28 mode 0
Event: 2.200 Thread 0x00000206dd6b8620 Uncommon trap: trap_request=0xffffff76 fr.pc=0x00000206c96b8adc relative=0x000000000000023c
Event: 2.200 Thread 0x00000206dd6b8620 Uncommon trap: reason=predicate action=maybe_recompile pc=0x00000206c96b8adc method=java.util.ArrayList.indexOfRange(Ljava/lang/Object;II)I @ 45 c2
Event: 2.200 Thread 0x00000206dd6b8620 DEOPT PACKING pc=0x00000206c96b8adc sp=0x000000077fdfeb60
Event: 2.200 Thread 0x00000206dd6b8620 DEOPT UNPACKING pc=0x00000206c1c023a3 sp=0x000000077fdfeae8 mode 2
Event: 2.226 Thread 0x00000206dd6b8620 Uncommon trap: trap_request=0xffffffde fr.pc=0x00000206c96bddec relative=0x000000000000052c
Event: 2.226 Thread 0x00000206dd6b8620 Uncommon trap: reason=class_check action=maybe_recompile pc=0x00000206c96bddec method=java.util.HashMap.getNode(Ljava/lang/Object;)Ljava/util/HashMap$Node; @ 128 c2
Event: 2.226 Thread 0x00000206dd6b8620 DEOPT PACKING pc=0x00000206c96bddec sp=0x000000077fdfe430
Event: 2.226 Thread 0x00000206dd6b8620 DEOPT UNPACKING pc=0x00000206c1c023a3 sp=0x000000077fdfe3a8 mode 2
Event: 2.667 Thread 0x00000206dd6b8620 Uncommon trap: trap_request=0xffffff76 fr.pc=0x00000206c96b5ce8 relative=0x0000000000000448
Event: 2.667 Thread 0x00000206dd6b8620 Uncommon trap: reason=predicate action=maybe_recompile pc=0x00000206c96b5ce8 method=java.util.ArrayList.indexOfRange(Ljava/lang/Object;II)I @ 42 c2
Event: 2.667 Thread 0x00000206dd6b8620 DEOPT PACKING pc=0x00000206c96b5ce8 sp=0x000000077fdfeb40
Event: 2.667 Thread 0x00000206dd6b8620 DEOPT UNPACKING pc=0x00000206c1c023a3 sp=0x000000077fdfeaf8 mode 2
Event: 2.975 Thread 0x00000206dd6b8620 Uncommon trap: trap_request=0xffffff45 fr.pc=0x00000206c96ce07c relative=0x00000000000000dc
Event: 2.975 Thread 0x00000206dd6b8620 Uncommon trap: reason=unstable_if action=reinterpret pc=0x00000206c96ce07c method=java.lang.StrictMath.floorOrCeil(DDDD)D @ 90 c2
Event: 2.975 Thread 0x00000206dd6b8620 DEOPT PACKING pc=0x00000206c96ce07c sp=0x000000077fdfdd00
Event: 2.975 Thread 0x00000206dd6b8620 DEOPT UNPACKING pc=0x00000206c1c023a3 sp=0x000000077fdfdc38 mode 2

Classes unloaded (0 events):
No events

Classes redefined (0 events):
No events

Internal exceptions (12 events):
Event: 0.153 Thread 0x00000206ba3a9540 Exception <a 'java/lang/ClassNotFoundException'{0x00000004e67363a0}: sun/awt/resources/spi/awtProvider> (0x00000004e67363a0) 
thrown [t:\workspace\open\src\hotspot\share\classfile\systemDictionary.cpp, line 256]
Event: 0.188 Thread 0x00000206ba3a9540 Exception <a 'java/io/FileNotFoundException'{0x00000004e6791270}> (0x00000004e6791270) 
thrown [t:\workspace\open\src\hotspot\share\prims\jni.cpp, line 516]
Event: 0.197 Thread 0x00000206ba3a9540 Exception <a 'java/io/FileNotFoundException'{0x00000004e67be730}> (0x00000004e67be730) 
thrown [t:\workspace\open\src\hotspot\share\prims\jni.cpp, line 516]
Event: 0.241 Thread 0x00000206ba3a9540 Exception <a 'java/lang/NoSuchMethodError'{0x00000004e67fbc58}: 'java.lang.Object java.lang.invoke.DirectMethodHandle$Holder.invokeStaticInit(java.lang.Object)'> (0x00000004e67fbc58) 
thrown [t:\workspace\open\src\hotspot\share\interpreter\linkResolver.cpp, line 766]
Event: 0.493 Thread 0x00000206dd6b8620 Exception <a 'java/lang/NoSuchMethodError'{0x00000004e650efc8}: 'void java.lang.invoke.DirectMethodHandle$Holder.invokeSpecial(java.lang.Object, java.lang.Object, java.lang.Object)'> (0x00000004e650efc8) 
thrown [t:\workspace\open\src\hotspot\share\interpreter\linkResolver.cpp, line 766]
Event: 0.503 Thread 0x00000206dd6b8620 Exception <a 'java/lang/NoSuchMethodError'{0x00000004e6539478}: 'java.lang.Object java.lang.invoke.DirectMethodHandle$Holder.newInvokeSpecial(java.lang.Object, java.lang.Object, java.lang.Object, java.lang.Object, java.lang.Object)'> (0x00000004e6539478) 
thrown [t:\workspace\open\src\hotspot\share\interpreter\linkResolver.cpp, line 766]
Event: 0.504 Thread 0x00000206dd6b8620 Exception <a 'java/lang/NoSuchMethodError'{0x00000004e6544e40}: 'java.lang.Object java.lang.invoke.DirectMethodHandle$Holder.invokeStatic(java.lang.Object, int, java.lang.Object, java.lang.Object, java.lang.Object, java.lang.Object)'> (0x00000004e6544e40) 
thrown [t:\workspace\open\src\hotspot\share\interpreter\linkResolver.cpp, line 766]
Event: 0.509 Thread 0x00000206dd6b8620 Exception <a 'java/lang/NoSuchMethodError'{0x00000004e656a600}: 'java.lang.Object java.lang.invoke.DirectMethodHandle$Holder.invokeStatic(java.lang.Object, int, java.lang.Object)'> (0x00000004e656a600) 
thrown [t:\workspace\open\src\hotspot\share\interpreter\linkResolver.cpp, line 766]
Event: 0.544 Thread 0x00000206dd6b8620 Exception <a 'java/lang/ClassNotFoundException'{0x00000004e6222ae0}: com/sun/swing/internal/plaf/metal/resources/spi/metalProvider> (0x00000004e6222ae0) 
thrown [t:\workspace\open\src\hotspot\share\classfile\systemDictionary.cpp, line 256]
Event: 0.545 Thread 0x00000206dd6b8620 Exception <a 'java/lang/ClassNotFoundException'{0x00000004e6226938}: com/sun/swing/internal/plaf/basic/resources/spi/basicProvider> (0x00000004e6226938) 
thrown [t:\workspace\open\src\hotspot\share\classfile\systemDictionary.cpp, line 256]
Event: 0.717 Thread 0x00000206dd6b8620 Exception <a 'java/lang/NoSuchMethodError'{0x00000004e6792150}: 'void java.lang.invoke.DirectMethodHandle$Holder.invokeStaticInit(java.lang.Object)'> (0x00000004e6792150) 
thrown [t:\workspace\open\src\hotspot\share\interpreter\linkResolver.cpp, line 766]
Event: 0.783 Thread 0x00000206dd6b3ea0 Exception <a 'java/lang/NoSuchMethodError'{0x00000004e67dc6c0}: 'void java.lang.invoke.DirectMethodHandle$Holder.invokeVirtual(java.lang.Object, java.lang.Object)'> (0x00000004e67dc6c0) 
thrown [t:\workspace\open\src\hotspot\share\interpreter\linkResolver.cpp, line 766]

VM Operations (20 events):
Event: 0.742 Executing VM operation: HandshakeAllThreads done
Event: 0.962 Executing VM operation: HandshakeAllThreads
Event: 0.962 Executing VM operation: HandshakeAllThreads done
Event: 1.974 Executing VM operation: Cleanup
Event: 1.974 Executing VM operation: Cleanup done
Event: 2.039 Executing VM operation: G1CollectForAllocation
Event: 2.048 Executing VM operation: G1CollectForAllocation done
Event: 2.057 Executing VM operation: G1CollectForAllocation
Event: 2.072 Executing VM operation: G1CollectForAllocation done
Event: 2.076 Executing VM operation: G1CollectForAllocation
Event: 2.092 Executing VM operation: G1CollectForAllocation done
Event: 2.115 Executing VM operation: G1CollectForAllocation
Event: 2.135 Executing VM operation: G1CollectForAllocation done
Event: 2.146 Executing VM operation: G1CollectForAllocation
Event: 2.156 Executing VM operation: G1CollectForAllocation done
Event: 2.169 Executing VM operation: G1CollectForAllocation
Event: 2.186 Executing VM operation: G1CollectForAllocation done
Event: 3.191 Executing VM operation: Cleanup
Event: 3.191 Executing VM operation: Cleanup done
Event: 3.778 Executing VM operation: G1CollectForAllocation

Events (20 events):
Event: 2.218 loading class sun/java2d/marlin/Renderer
Event: 2.218 loading class sun/java2d/marlin/Renderer done
Event: 2.218 loading class sun/java2d/marlin/MarlinTileGenerator
Event: 2.219 loading class sun/java2d/pipe/AATileGenerator
Event: 2.219 loading class sun/java2d/pipe/AATileGenerator done
Event: 2.219 loading class sun/java2d/marlin/MarlinTileGenerator done
Event: 2.219 loading class sun/java2d/marlin/Stroker
Event: 2.219 loading class sun/java2d/marlin/Stroker done
Event: 2.219 loading class sun/java2d/marlin/Dasher
Event: 2.219 loading class sun/java2d/marlin/Dasher done
Event: 2.219 loading class sun/java2d/marlin/Dasher$LengthIterator
Event: 2.220 loading class sun/java2d/marlin/Dasher$LengthIterator done
Event: 2.220 loading class java/awt/geom/LineIterator
Event: 2.220 loading class java/awt/geom/LineIterator done
Event: 2.220 loading class sun/java2d/marlin/Helpers
Event: 2.220 loading class sun/java2d/marlin/Helpers done
Event: 2.220 loading class sun/java2d/marlin/ArrayCacheConst
Event: 2.220 loading class sun/java2d/marlin/ArrayCacheConst done
Event: 2.225 loading class jdk/internal/math/FDBigInteger
Event: 2.225 loading class jdk/internal/math/FDBigInteger done


Dynamic libraries:
0x00007ff626c50000 - 0x00007ff626c60000 	C:\Program Files\Java\jdk-17.0.1\bin\java.exe
0x00007ffd9ebd0000 - 0x00007ffd9edc8000 	C:\Windows\SYSTEM32\ntdll.dll
0x00007ffd9cc80000 - 0x00007ffd9cd42000 	C:\Windows\System32\KERNEL32.DLL
0x00007ffd9c2f0000 - 0x00007ffd9c5ef000 	C:\Windows\System32\KERNELBASE.dll
0x00007ffd9c8f0000 - 0x00007ffd9c9f0000 	C:\Windows\System32\ucrtbase.dll
0x00007ffd93e80000 - 0x00007ffd93e98000 	C:\Program Files\Java\jdk-17.0.1\bin\jli.dll
0x00007ffd9dba0000 - 0x00007ffd9dc51000 	C:\Windows\System32\ADVAPI32.dll
0x00007ffd9cbe0000 - 0x00007ffd9cc7e000 	C:\Windows\System32\msvcrt.dll
0x00007ffd9eaf0000 - 0x00007ffd9eb8f000 	C:\Windows\System32\sechost.dll
0x00007ffd9dc60000 - 0x00007ffd9dd83000 	C:\Windows\System32\RPCRT4.dll
0x00007ffd9c5f0000 - 0x00007ffd9c617000 	C:\Windows\System32\bcrypt.dll
0x00007ffd9e100000 - 0x00007ffd9e29d000 	C:\Windows\System32\USER32.dll
0x00007ffd9cb10000 - 0x00007ffd9cb32000 	C:\Windows\System32\win32u.dll
0x00007ffd9e2b0000 - 0x00007ffd9e2db000 	C:\Windows\System32\GDI32.dll
0x00007ffd9c7d0000 - 0x00007ffd9c8e7000 	C:\Windows\System32\gdi32full.dll
0x00007ffd9cb40000 - 0x00007ffd9cbdd000 	C:\Windows\System32\msvcp_win.dll
0x00007ffd93180000 - 0x00007ffd9319a000 	C:\Program Files\Java\jdk-17.0.1\bin\VCRUNTIME140.dll
0x00007ffd83700000 - 0x00007ffd8399a000 	C:\Windows\WinSxS\amd64_microsoft.windows.common-controls_6595b64144ccf1df_6.0.19041.4355_none_60b8b9eb71f62e16\COMCTL32.dll
0x00007ffd97020000 - 0x00007ffd9702a000 	C:\Windows\SYSTEM32\VERSION.dll
0x00007ffd9e5d0000 - 0x00007ffd9e5ff000 	C:\Windows\System32\IMM32.DLL
0x00007ffd96bd0000 - 0x00007ffd96bdc000 	C:\Program Files\Java\jdk-17.0.1\bin\vcruntime140_1.dll
0x00007ffd79b60000 - 0x00007ffd79bed000 	C:\Program Files\Java\jdk-17.0.1\bin\msvcp140.dll
0x00007ffd12600000 - 0x00007ffd131be000 	C:\Program Files\Java\jdk-17.0.1\bin\server\jvm.dll
0x00007ffd9e2a0000 - 0x00007ffd9e2a8000 	C:\Windows\System32\PSAPI.DLL
0x00007ffd813c0000 - 0x00007ffd813c9000 	C:\Windows\SYSTEM32\WSOCK32.dll
0x00007ffd9d280000 - 0x00007ffd9d2eb000 	C:\Windows\System32\WS2_32.dll
0x00007ffd8ce60000 - 0x00007ffd8ce87000 	C:\Windows\SYSTEM32\WINMM.dll
0x00007ffd9a990000 - 0x00007ffd9a9a2000 	C:\Windows\SYSTEM32\kernel.appcore.dll
0x00007ffd96640000 - 0x00007ffd9664a000 	C:\Program Files\Java\jdk-17.0.1\bin\jimage.dll
0x00007ffd94b60000 - 0x00007ffd94d44000 	C:\Windows\SYSTEM32\DBGHELP.DLL
0x00007ffd94820000 - 0x00007ffd94854000 	C:\Windows\SYSTEM32\dbgcore.DLL
0x00007ffd9c260000 - 0x00007ffd9c2e2000 	C:\Windows\System32\bcryptPrimitives.dll
0x00007ffd84480000 - 0x00007ffd844a5000 	C:\Program Files\Java\jdk-17.0.1\bin\java.dll
0x00007ffd639f0000 - 0x00007ffd63ac6000 	C:\Program Files\Java\jdk-17.0.1\bin\svml.dll
0x00007ffd9d350000 - 0x00007ffd9dabe000 	C:\Windows\System32\SHELL32.dll
0x00007ffd9a1c0000 - 0x00007ffd9a964000 	C:\Windows\SYSTEM32\windows.storage.dll
0x00007ffd9e6e0000 - 0x00007ffd9ea35000 	C:\Windows\System32\combase.dll
0x00007ffd9bc90000 - 0x00007ffd9bcbf000 	C:\Windows\SYSTEM32\Wldp.dll
0x00007ffd9dad0000 - 0x00007ffd9db9d000 	C:\Windows\System32\OLEAUT32.dll
0x00007ffd9cd50000 - 0x00007ffd9cdfd000 	C:\Windows\System32\SHCORE.dll
0x00007ffd9e410000 - 0x00007ffd9e465000 	C:\Windows\System32\shlwapi.dll
0x00007ffd9c190000 - 0x00007ffd9c1b4000 	C:\Windows\SYSTEM32\profapi.dll
0x00007ffd89910000 - 0x00007ffd89929000 	C:\Program Files\Java\jdk-17.0.1\bin\net.dll
0x00007ffd94d50000 - 0x00007ffd94e5d000 	C:\Windows\SYSTEM32\WINHTTP.dll
0x00007ffd9b9f0000 - 0x00007ffd9ba5a000 	C:\Windows\system32\mswsock.dll
0x00007ffd84570000 - 0x00007ffd84585000 	C:\Program Files\Java\jdk-17.0.1\bin\nio.dll
0x00007ffd84460000 - 0x00007ffd84478000 	C:\Program Files\Java\jdk-17.0.1\bin\zip.dll
0x00007ffd40ff0000 - 0x00007ffd4117f000 	C:\Program Files\Java\jdk-17.0.1\bin\awt.dll
0x00007ffd996a0000 - 0x00007ffd99734000 	C:\Windows\SYSTEM32\apphelp.dll
0x00007ffd99b50000 - 0x00007ffd99bee000 	C:\Windows\system32\uxtheme.dll
0x00007ffd9de10000 - 0x00007ffd9df25000 	C:\Windows\System32\MSCTF.dll
0x00007ffd9e2e0000 - 0x00007ffd9e40b000 	C:\Windows\System32\ole32.dll
0x00007ffd99fe0000 - 0x00007ffd9a00f000 	C:\Windows\system32\DWMAPI.DLL
0x00007ffd6b0d0000 - 0x00007ffd6b1f8000 	C:\Windows\system32\opengl32.dll
0x00007ffd70060000 - 0x00007ffd7008c000 	C:\Windows\SYSTEM32\GLU32.dll
0x00007ffd6fe80000 - 0x00007ffd70051000 	C:\Windows\system32\d3d9.dll
0x00007ffd39540000 - 0x00007ffd396ef000 	C:\Windows\System32\DriverStore\FileRepository\iigd_dch.inf_amd64_51f685305808e3a5\igdumdim64.dll
0x00007ffce7810000 - 0x00007ffcea8b3000 	C:\Windows\System32\DriverStore\FileRepository\iigd_dch.inf_amd64_51f685305808e3a5\igd9dxva64.dll
0x00007ffd9ce00000 - 0x00007ffd9d271000 	C:\Windows\System32\SETUPAPI.dll
0x00007ffd9c780000 - 0x00007ffd9c7ce000 	C:\Windows\System32\cfgmgr32.dll
0x00007ffd73ac0000 - 0x00007ffd73ec9000 	C:\Windows\System32\DriverStore\FileRepository\iigd_dch.inf_amd64_51f685305808e3a5\igdgmm64.dll
0x00007ffd909f0000 - 0x00007ffd90aae000 	C:\Windows\System32\DriverStore\FileRepository\nvacui.inf_amd64_1e214a03c245bc18\nvldumdx.dll
0x00007ffd9be20000 - 0x00007ffd9be32000 	C:\Windows\SYSTEM32\msasn1.dll
0x00007ffd96130000 - 0x00007ffd96161000 	C:\Windows\SYSTEM32\cryptnet.dll
0x00007ffd9c620000 - 0x00007ffd9c77c000 	C:\Windows\System32\CRYPT32.dll
0x00007ffd95d30000 - 0x00007ffd95e77000 	C:\Windows\SYSTEM32\drvstore.dll
0x00007ffd9bff0000 - 0x00007ffd9c023000 	C:\Windows\SYSTEM32\devobj.dll
0x00007ffd9bc00000 - 0x00007ffd9bc0c000 	C:\Windows\SYSTEM32\cryptbase.dll
0x00007ffd9caa0000 - 0x00007ffd9cb09000 	C:\Windows\System32\WINTRUST.DLL
0x00007ffd9e0e0000 - 0x00007ffd9e0fd000 	C:\Windows\System32\imagehlp.dll
0x00007ffd9bbe0000 - 0x00007ffd9bbf8000 	C:\Windows\SYSTEM32\CRYPTSP.dll
0x00007ffd9b260000 - 0x00007ffd9b294000 	C:\Windows\system32\rsaenh.dll
0x00007ffcf12d0000 - 0x00007ffcf38d9000 	C:\Windows\System32\DriverStore\FileRepository\nvacui.inf_amd64_1e214a03c245bc18\nvd3dumx.dll
0x00007ffd50330000 - 0x00007ffd50601000 	C:\Windows\system32\nvspcap64.dll
0x00007ffd9b4d0000 - 0x00007ffd9b503000 	C:\Windows\SYSTEM32\ntmarta.dll
0x00007ffd9aa40000 - 0x00007ffd9aa63000 	C:\Windows\SYSTEM32\gpapi.dll
0x00007ffd91390000 - 0x00007ffd913cb000 	C:\Windows\SYSTEM32\dxcore.dll
0x00007ffd7ac70000 - 0x00007ffd7acf9000 	C:\Program Files\Java\jdk-17.0.1\bin\freetype.dll
0x00007ffd511c0000 - 0x00007ffd51268000 	C:\Program Files\Java\jdk-17.0.1\bin\fontmanager.dll
0x00007ffd8bf60000 - 0x00007ffd8c059000 	C:\Windows\SYSTEM32\textinputframework.dll
0x00007ffd99190000 - 0x00007ffd99282000 	C:\Windows\System32\CoreMessaging.dll
0x00007ffd98e30000 - 0x00007ffd9918b000 	C:\Windows\System32\CoreUIComponents.dll
0x00007ffd97980000 - 0x00007ffd97ad7000 	C:\Windows\SYSTEM32\wintypes.dll
0x00007ffd70090000 - 0x00007ffd700f6000 	C:\Windows\system32\Oleacc.dll

dbghelp: loaded successfully - version: 4.0.5 - missing functions: none
symbol engine: initialized successfully - sym options: 0x614 - pdb path: .;C:\Program Files\Java\jdk-17.0.1\bin;C:\Windows\SYSTEM32;C:\Windows\WinSxS\amd64_microsoft.windows.common-controls_6595b64144ccf1df_6.0.19041.4355_none_60b8b9eb71f62e16;C:\Program Files\Java\jdk-17.0.1\bin\server;C:\Windows\System32\DriverStore\FileRepository\iigd_dch.inf_amd64_51f685305808e3a5;C:\Windows\System32\DriverStore\FileRepository\nvacui.inf_amd64_1e214a03c245bc18

VM Arguments:
java_command: supportGUI.Viewer
java_class_path (initial): D:\Yanis\FAC\M2\AAGA\project\beans;D:\Yanis\FAC\M2\AAGA\project\jars\simulator.jar
Launcher Type: SUN_STANDARD

[Global flags]
     intx CICompilerCount                          = 3                                         {product} {ergonomic}
     uint ConcGCThreads                            = 1                                         {product} {ergonomic}
     uint G1ConcRefinementThreads                  = 4                                         {product} {ergonomic}
   size_t G1HeapRegionSize                         = 2097152                                   {product} {ergonomic}
    uintx GCDrainStackTargetSize                   = 64                                        {product} {ergonomic}
   size_t InitialHeapSize                          = 268435456                                 {product} {ergonomic}
   size_t MarkStackSize                            = 4194304                                   {product} {ergonomic}
   size_t MaxHeapSize                              = 4265607168                                {product} {ergonomic}
   size_t MaxNewSize                               = 2558525440                                {product} {ergonomic}
   size_t MinHeapDeltaBytes                        = 2097152                                   {product} {ergonomic}
   size_t MinHeapSize                              = 8388608                                   {product} {ergonomic}
    uintx NonNMethodCodeHeapSize                   = 5832780                                {pd product} {ergonomic}
    uintx NonProfiledCodeHeapSize                  = 122912730                              {pd product} {ergonomic}
    uintx ProfiledCodeHeapSize                     = 122912730                              {pd product} {ergonomic}
    uintx ReservedCodeCacheSize                    = 251658240                              {pd product} {ergonomic}
     bool SegmentedCodeCache                       = true                                      {product} {ergonomic}
   size_t SoftMaxHeapSize                          = 4265607168                             {manageable} {ergonomic}
     bool UseCompressedClassPointers               = true                           {product lp64_product} {ergonomic}
     bool UseCompressedOops                        = true                           {product lp64_product} {ergonomic}
     bool UseG1GC                                  = true                                      {product} {ergonomic}
     bool UseLargePagesIndividualAllocation        = false                                  {pd product} {ergonomic}

Logging:
Log output configuration:
 #0: stdout all=warning uptime,level,tags
 #1: stderr all=off uptime,level,tags

Environment Variables:
PATH=C:\Program Files\OpenSSL-Win64\bin;C:\oracle19c\WINDOWS.X64_193000_db_home\bin;C:\Program Files\Eclipse Foundation\jdk-17.0.0.35-hotspot\bin;C:\Program Files\Common Files\Oracle\Java\javapath;C:\Program Files (x86)\Common Files\Oracle\Java\javapath;C:\Windows\system32;C:\Windows;C:\Windows\System32\Wbem;C:\Windows\System32\WindowsPowerShell\v1.0\;C:\Windows\System32\OpenSSH\;C:\Program Files\Git\cmd;C:\Program Files (x86)\NVIDIA Corporation\PhysX\Common;C:\Program Files\NVIDIA Corporation\NVIDIA NvDLISR;C:\Users\Aspire7\AppData\Roaming\nvm;C:\Program Files\nodejs;C:\Program Files\dotnet\;C:\Program Files\PostgreSQL\14\bin;C:\MinGW\bin;C:\GnuWin32\bin;C:\Program Files\CMake\bin;C:\Program Files\NVIDIA Corporation\Nsight Compute 2020.3.0\;C:\Strawberry\c\bin;C:\Strawberry\perl\site\bin;C:\Strawberry\perl\bin;C:\Program Files\NVIDIA GPU Computing Toolkit\CUDA\v11.2\bin;C:\Program Files\NVIDIA GPU Computing Toolkit\CUDA\v11.2\extras\CUPTI\lib64;C:\Program Files\NVIDIA GPU Computing Toolkit\CUDA\v11.2\libnvvp;C:\Gradle\bin;C:\Users\Aspire7\AppData\Android\sdk;C:\ProgramData\chocolatey\bin;C:\Program Files\PuTTY\;C:\tools\ghc-9.8.1\bin;C:\dev\vcpkg;C:\Program Files (x86)\Go\bin;C:\gstreamer\1.0\msvc_x86\bin;C:\gstreamer\1.0\msvc_x86_64\bin;C:\Program Files\Git LFS;C:\Program Files\Docker\Docker\resources\bin;C:\Program Files\Maven\bin;C:\Program Files (x86)\sbt\bin;D:\Others\Stack\bin;C:\Users\Aspire7\.cargo\bin;C:\Users\Aspire7\AppData\Local\Programs\DISKUV~1\bin;C:\Users\Aspire7\AppData\Local\Programs\DISKUV~1\usr\bin;C:\Users\Aspire7\AppData\Local\Programs\Python\Python310\Scripts\;C:\Users\Aspire7\AppData\Local\Programs\Python\Python310\;C:\Program Files\MySQL\MySQL Shell 8.0\bin\;C:\Users\Aspire7\AppData\Local\Microsoft\WindowsApps;C:\Users\Aspire7\AppData\Roaming\npm;C:\Users\Aspire7\AppData\Local\Programs\Microsoft VS Code\bin;C:\Users\Aspire7\AppData\Roaming\nvm;C:\Program Files\nodejs;C:\Program Files\JetBrains\IntelliJ IDEA Community Edition 2022.2.3\bin;C:\Pr
USERNAME=Yanis540
LANG=en_US.UTF-8
OS=Windows_NT
PROCESSOR_IDENTIFIER=Intel64 Family 6 Model 158 Stepping 9, GenuineIntel



---------------  S Y S T E M  ---------------

OS:
 Windows 10 , 64 bit Build 19041 (10.0.19041.5198)
OS uptime: 28 days 22:41 hours
Hyper-V role detected

CPU: total 4 (initial active 4) (4 cores per cpu, 1 threads per core) family 6 model 158 stepping 9 microcode 0xb4, cx8, cmov, fxsr, mmx, 3dnowpref, sse, sse2, sse3, ssse3, sse4.1, sse4.2, popcnt, lzcnt, tsc, tscinvbit, avx, avx2, aes, erms, clmul, bmi1, bmi2, adx, fma, vzeroupper, clflush, clflushopt, hv

Memory: 4k page, system-wide physical 16267M (566M free)
TotalPageFile size 42170M (AvailPageFile size 78M)
current process WorkingSet (physical memory assigned to process): 401M, peak: 401M
current process commit charge ("private bytes"): 903M, peak: 2223M

vm_info: Java HotSpot(TM) 64-Bit Server VM (17.0.1+12-LTS-39) for windows-amd64 JRE (17.0.1+12-LTS-39), built on Sep 27 2021 18:41:35 by "mach5one" with MS VC++ 16.8 (VS2019)

END.
